This is pdfTeX, Version 3.14159265-2.6-1.40.18 (TeX Live 2017/Debian) (preloaded format=pdflatex 2019.8.26)  23 MAY 2023 23:04
entering extended mode
 restricted \write18 enabled.
 %&-line parsing enabled.
**Smart_Contract.tex
(./Smart_Contract.tex
LaTeX2e <2017-04-15>
Babel <3.18> and hyphenation patterns for 84 language(s) loaded.
(./ociamthesis.cls
Document Class: ociamthesis 2010/11/22 v2.2 OCIAM thesis class
(/usr/share/texlive/texmf-dist/tex/latex/base/report.cls
Document Class: report 2014/09/29 v1.4h Standard LaTeX document class
(/usr/share/texlive/texmf-dist/tex/latex/base/size11.clo
File: size11.clo 2014/09/29 v1.4h Standard LaTeX file (size option)
)
\c@part=\count79
\c@chapter=\count80
\c@section=\count81
\c@subsection=\count82
\c@subsubsection=\count83
\c@paragraph=\count84
\c@subparagraph=\count85
\c@figure=\count86
\c@table=\count87
\abovecaptionskip=\skip41
\belowcaptionskip=\skip42
\bibindent=\dimen102
)
(/usr/share/texlive/texmf-dist/tex/latex/graphics/graphicx.sty
Package: graphicx 2017/06/01 v1.1a Enhanced LaTeX Graphics (DPC,SPQR)

(/usr/share/texlive/texmf-dist/tex/latex/graphics/keyval.sty
Package: keyval 2014/10/28 v1.15 key=value parser (DPC)
\KV@toks@=\toks14
)
(/usr/share/texlive/texmf-dist/tex/latex/graphics/graphics.sty
Package: graphics 2017/06/25 v1.2c Standard LaTeX Graphics (DPC,SPQR)

(/usr/share/texlive/texmf-dist/tex/latex/graphics/trig.sty
Package: trig 2016/01/03 v1.10 sin cos tan (DPC)
)
(/usr/share/texlive/texmf-dist/tex/latex/graphics-cfg/graphics.cfg
File: graphics.cfg 2016/06/04 v1.11 sample graphics configuration
)
Package graphics Info: Driver file: pdftex.def on input line 99.

(/usr/share/texlive/texmf-dist/tex/latex/graphics-def/pdftex.def
File: pdftex.def 2018/01/08 v1.0l Graphics/color driver for pdftex
))
\Gin@req@height=\dimen103
\Gin@req@width=\dimen104
)
(/usr/share/texlive/texmf-dist/tex/latex/base/ifthen.sty
Package: ifthen 2014/09/29 v1.1c Standard LaTeX ifthen package (DPC)
))
(/usr/share/texmf/tex/latex/lm/lmodern.sty
Package: lmodern 2009/10/30 v1.6 Latin Modern Fonts
LaTeX Font Info:    Overwriting symbol font `operators' in version `normal'
(Font)                  OT1/cmr/m/n --> OT1/lmr/m/n on input line 22.
LaTeX Font Info:    Overwriting symbol font `letters' in version `normal'
(Font)                  OML/cmm/m/it --> OML/lmm/m/it on input line 23.
LaTeX Font Info:    Overwriting symbol font `symbols' in version `normal'
(Font)                  OMS/cmsy/m/n --> OMS/lmsy/m/n on input line 24.
LaTeX Font Info:    Overwriting symbol font `largesymbols' in version `normal'
(Font)                  OMX/cmex/m/n --> OMX/lmex/m/n on input line 25.
LaTeX Font Info:    Overwriting symbol font `operators' in version `bold'
(Font)                  OT1/cmr/bx/n --> OT1/lmr/bx/n on input line 26.
LaTeX Font Info:    Overwriting symbol font `letters' in version `bold'
(Font)                  OML/cmm/b/it --> OML/lmm/b/it on input line 27.
LaTeX Font Info:    Overwriting symbol font `symbols' in version `bold'
(Font)                  OMS/cmsy/b/n --> OMS/lmsy/b/n on input line 28.
LaTeX Font Info:    Overwriting symbol font `largesymbols' in version `bold'
(Font)                  OMX/cmex/m/n --> OMX/lmex/m/n on input line 29.
LaTeX Font Info:    Overwriting math alphabet `\mathbf' in version `normal'
(Font)                  OT1/cmr/bx/n --> OT1/lmr/bx/n on input line 31.
LaTeX Font Info:    Overwriting math alphabet `\mathsf' in version `normal'
(Font)                  OT1/cmss/m/n --> OT1/lmss/m/n on input line 32.
LaTeX Font Info:    Overwriting math alphabet `\mathit' in version `normal'
(Font)                  OT1/cmr/m/it --> OT1/lmr/m/it on input line 33.
LaTeX Font Info:    Overwriting math alphabet `\mathtt' in version `normal'
(Font)                  OT1/cmtt/m/n --> OT1/lmtt/m/n on input line 34.
LaTeX Font Info:    Overwriting math alphabet `\mathbf' in version `bold'
(Font)                  OT1/cmr/bx/n --> OT1/lmr/bx/n on input line 35.
LaTeX Font Info:    Overwriting math alphabet `\mathsf' in version `bold'
(Font)                  OT1/cmss/bx/n --> OT1/lmss/bx/n on input line 36.
LaTeX Font Info:    Overwriting math alphabet `\mathit' in version `bold'
(Font)                  OT1/cmr/bx/it --> OT1/lmr/bx/it on input line 37.
LaTeX Font Info:    Overwriting math alphabet `\mathtt' in version `bold'
(Font)                  OT1/cmtt/m/n --> OT1/lmtt/m/n on input line 38.
)
(/usr/share/texmf/tex/latex/tex-gyre/tgcursor.sty
Package: tgcursor 2009/09/10 v1.2 TeX Gyre Cursor as default typewriter family

(/usr/share/texlive/texmf-dist/tex/latex/oberdiek/kvoptions.sty
Package: kvoptions 2016/05/16 v3.12 Key value format for package options (HO)

(/usr/share/texlive/texmf-dist/tex/generic/oberdiek/ltxcmds.sty
Package: ltxcmds 2016/05/16 v1.23 LaTeX kernel commands for general use (HO)
)
(/usr/share/texlive/texmf-dist/tex/generic/oberdiek/kvsetkeys.sty
Package: kvsetkeys 2016/05/16 v1.17 Key value parser (HO)

(/usr/share/texlive/texmf-dist/tex/generic/oberdiek/infwarerr.sty
Package: infwarerr 2016/05/16 v1.4 Providing info/warning/error messages (HO)
)
(/usr/share/texlive/texmf-dist/tex/generic/oberdiek/etexcmds.sty
Package: etexcmds 2016/05/16 v1.6 Avoid name clashes with e-TeX commands (HO)

(/usr/share/texlive/texmf-dist/tex/generic/oberdiek/ifluatex.sty
Package: ifluatex 2016/05/16 v1.4 Provides the ifluatex switch (HO)
Package ifluatex Info: LuaTeX not detected.
)
Package etexcmds Info: Could not find \expanded.
(etexcmds)             That can mean that you are not using pdfTeX 1.50 or
(etexcmds)             that some package has redefined \expanded.
(etexcmds)             In the latter case, load this package earlier.
))))
(/usr/share/texlive/texmf-dist/tex/latex/listings/listings.sty
\lst@mode=\count88
\lst@gtempboxa=\box26
\lst@token=\toks15
\lst@length=\count89
\lst@currlwidth=\dimen105
\lst@column=\count90
\lst@pos=\count91
\lst@lostspace=\dimen106
\lst@width=\dimen107
\lst@newlines=\count92
\lst@lineno=\count93
\lst@maxwidth=\dimen108

(/usr/share/texlive/texmf-dist/tex/latex/listings/lstmisc.sty
File: lstmisc.sty 2015/06/04 1.6 (Carsten Heinz)
\c@lstnumber=\count94
\lst@skipnumbers=\count95
\lst@framebox=\box27
)
(/usr/share/texlive/texmf-dist/tex/latex/listings/listings.cfg
File: listings.cfg 2015/06/04 1.6 listings configuration
))
Package: listings 2015/06/04 1.6 (Carsten Heinz)

(/usr/share/texlive/texmf-dist/tex/latex/wrapfig/wrapfig.sty
\wrapoverhang=\dimen109
\WF@size=\dimen110
\c@WF@wrappedlines=\count96
\WF@box=\box28
\WF@everypar=\toks16
Package: wrapfig 2003/01/31  v 3.6
)
(/usr/share/texlive/texmf-dist/tex/latex/lipsum/lipsum.sty
Package: lipsum 2014/07/27 v1.3 150 paragraphs of Lorem Ipsum dummy text
\c@lips@count=\count97
)
(/usr/share/texlive/texmf-dist/tex/latex/hyperref/hyperref.sty
Package: hyperref 2018/02/06 v6.86b Hypertext links for LaTeX

(/usr/share/texlive/texmf-dist/tex/generic/oberdiek/hobsub-hyperref.sty
Package: hobsub-hyperref 2016/05/16 v1.14 Bundle oberdiek, subset hyperref (HO)


(/usr/share/texlive/texmf-dist/tex/generic/oberdiek/hobsub-generic.sty
Package: hobsub-generic 2016/05/16 v1.14 Bundle oberdiek, subset generic (HO)
Package: hobsub 2016/05/16 v1.14 Construct package bundles (HO)
Package hobsub Info: Skipping package `infwarerr' (already loaded).
Package hobsub Info: Skipping package `ltxcmds' (already loaded).
Package hobsub Info: Skipping package `ifluatex' (already loaded).
Package: ifvtex 2016/05/16 v1.6 Detect VTeX and its facilities (HO)
Package ifvtex Info: VTeX not detected.
Package: intcalc 2016/05/16 v1.2 Expandable calculations with integers (HO)
Package: ifpdf 2017/03/15 v3.2 Provides the ifpdf switch
Package hobsub Info: Skipping package `etexcmds' (already loaded).
Package hobsub Info: Skipping package `kvsetkeys' (already loaded).
Package: kvdefinekeys 2016/05/16 v1.4 Define keys (HO)
Package: pdftexcmds 2018/01/21 v0.26 Utility functions of pdfTeX for LuaTeX (HO
)
Package pdftexcmds Info: LuaTeX not detected.
Package pdftexcmds Info: \pdf@primitive is available.
Package pdftexcmds Info: \pdf@ifprimitive is available.
Package pdftexcmds Info: \pdfdraftmode found.
Package: pdfescape 2016/05/16 v1.14 Implements pdfTeX's escape features (HO)
Package: bigintcalc 2016/05/16 v1.4 Expandable calculations on big integers (HO
)
Package: bitset 2016/05/16 v1.2 Handle bit-vector datatype (HO)
Package: uniquecounter 2016/05/16 v1.3 Provide unlimited unique counter (HO)
)
Package hobsub Info: Skipping package `hobsub' (already loaded).
Package: letltxmacro 2016/05/16 v1.5 Let assignment for LaTeX macros (HO)
Package: hopatch 2016/05/16 v1.3 Wrapper for package hooks (HO)
Package: xcolor-patch 2016/05/16 xcolor patch
Package: atveryend 2016/05/16 v1.9 Hooks at the very end of document (HO)
Package atveryend Info: \enddocument detected (standard20110627).
Package: atbegshi 2016/06/09 v1.18 At begin shipout hook (HO)
Package: refcount 2016/05/16 v3.5 Data extraction from label references (HO)
Package: hycolor 2016/05/16 v1.8 Color options for hyperref/bookmark (HO)
)
(/usr/share/texlive/texmf-dist/tex/generic/ifxetex/ifxetex.sty
Package: ifxetex 2010/09/12 v0.6 Provides ifxetex conditional
)
(/usr/share/texlive/texmf-dist/tex/latex/oberdiek/auxhook.sty
Package: auxhook 2016/05/16 v1.4 Hooks for auxiliary files (HO)
)
\@linkdim=\dimen111
\Hy@linkcounter=\count98
\Hy@pagecounter=\count99

(/usr/share/texlive/texmf-dist/tex/latex/hyperref/pd1enc.def
File: pd1enc.def 2018/02/06 v6.86b Hyperref: PDFDocEncoding definition (HO)
)
\Hy@SavedSpaceFactor=\count100

(/usr/share/texlive/texmf-dist/tex/latex/latexconfig/hyperref.cfg
File: hyperref.cfg 2002/06/06 v1.2 hyperref configuration of TeXLive
)
Package hyperref Info: Option `colorlinks' set `true' on input line 4383.
Package hyperref Info: Hyper figures OFF on input line 4509.
Package hyperref Info: Link nesting OFF on input line 4514.
Package hyperref Info: Hyper index ON on input line 4517.
Package hyperref Info: Plain pages OFF on input line 4524.
Package hyperref Info: Backreferencing OFF on input line 4529.
Package hyperref Info: Implicit mode ON; LaTeX internals redefined.
Package hyperref Info: Bookmarks ON on input line 4762.
\c@Hy@tempcnt=\count101

(/usr/share/texlive/texmf-dist/tex/latex/url/url.sty
\Urlmuskip=\muskip10
Package: url 2013/09/16  ver 3.4  Verb mode for urls, etc.
)
LaTeX Info: Redefining \url on input line 5115.
\XeTeXLinkMargin=\dimen112
\Fld@menulength=\count102
\Field@Width=\dimen113
\Fld@charsize=\dimen114
Package hyperref Info: Hyper figures OFF on input line 6369.
Package hyperref Info: Link nesting OFF on input line 6374.
Package hyperref Info: Hyper index ON on input line 6377.
Package hyperref Info: backreferencing OFF on input line 6384.
Package hyperref Info: Link coloring ON on input line 6387.
Package hyperref Info: Link coloring with OCG OFF on input line 6394.
Package hyperref Info: PDF/A mode OFF on input line 6399.
LaTeX Info: Redefining \ref on input line 6439.
LaTeX Info: Redefining \pageref on input line 6443.
\Hy@abspage=\count103
\c@Item=\count104
\c@Hfootnote=\count105
)
Package hyperref Info: Driver (autodetected): hpdftex.

(/usr/share/texlive/texmf-dist/tex/latex/hyperref/hpdftex.def
File: hpdftex.def 2018/02/06 v6.86b Hyperref driver for pdfTeX
\Fld@listcount=\count106
\c@bookmark@seq@number=\count107

(/usr/share/texlive/texmf-dist/tex/latex/oberdiek/rerunfilecheck.sty
Package: rerunfilecheck 2016/05/16 v1.8 Rerun checks for auxiliary files (HO)
Package uniquecounter Info: New unique counter `rerunfilecheck' on input line 2
82.
)
\Hy@SectionHShift=\skip43
)
(/usr/share/texlive/texmf-dist/tex/latex/graphics/lscape.sty
Package: lscape 2000/10/22 v3.01 Landscape Pages (DPC)
)
(/usr/share/texlive/texmf-dist/tex/latex/amsfonts/amssymb.sty
Package: amssymb 2013/01/14 v3.01 AMS font symbols

(/usr/share/texlive/texmf-dist/tex/latex/amsfonts/amsfonts.sty
Package: amsfonts 2013/01/14 v3.01 Basic AMSFonts support
\@emptytoks=\toks17
\symAMSa=\mathgroup4
\symAMSb=\mathgroup5
LaTeX Font Info:    Overwriting math alphabet `\mathfrak' in version `bold'
(Font)                  U/euf/m/n --> U/euf/b/n on input line 106.
))
(/usr/share/texlive/texmf-dist/tex/latex/multirow/multirow.sty
Package: multirow 2016/11/25 v2.2 Span multiple rows of a table
\multirow@colwidth=\skip44
\multirow@cntb=\count108
\multirow@dima=\skip45
\bigstrutjot=\dimen115
)
(/usr/share/texlive/texmf-dist/tex/latex/subfig/subfig.sty
Package: subfig 2005/06/28 ver: 1.3 subfig package

(/usr/share/texlive/texmf-dist/tex/latex/caption/caption.sty
Package: caption 2016/02/21 v3.3-144 Customizing captions (AR)

(/usr/share/texlive/texmf-dist/tex/latex/caption/caption3.sty
Package: caption3 2016/05/22 v1.7-166 caption3 kernel (AR)
Package caption3 Info: TeX engine: e-TeX on input line 67.
\captionmargin=\dimen116
\captionmargin@=\dimen117
\captionwidth=\dimen118
\caption@tempdima=\dimen119
\caption@indent=\dimen120
\caption@parindent=\dimen121
\caption@hangindent=\dimen122
)
\c@ContinuedFloat=\count109
Package caption Info: hyperref package is loaded.
Package caption Info: listings package is loaded.
Package caption Info: wrapfig package is loaded.
)
\c@KVtest=\count110
\sf@farskip=\skip46
\sf@captopadj=\dimen123
\sf@capskip=\skip47
\sf@nearskip=\skip48
\c@subfigure=\count111
\c@subfigure@save=\count112
\c@lofdepth=\count113
\c@subtable=\count114
\c@subtable@save=\count115
\c@lotdepth=\count116
\sf@top=\skip49
\sf@bottom=\skip50
)
(/usr/share/texlive/texmf-dist/tex/latex/makecell/makecell.sty
Package: makecell 2009/08/03 V0.1e Managing of Tab Column Heads and Cells

(/usr/share/texlive/texmf-dist/tex/latex/tools/array.sty
Package: array 2016/10/06 v2.4d Tabular extension package (FMi)
\col@sep=\dimen124
\extrarowheight=\dimen125
\NC@list=\toks18
\extratabsurround=\skip51
\backup@length=\skip52
)
\rotheadsize=\dimen126
\c@nlinenum=\count117
\TeXr@lab=\toks19
)
(/usr/share/texlive/texmf-dist/tex/latex/koma-script/typearea.sty
Package: typearea 2017/09/07 v3.24 KOMA-Script package (type area)

(/usr/share/texlive/texmf-dist/tex/latex/koma-script/scrkbase.sty
Package: scrkbase 2017/09/07 v3.24 KOMA-Script package (KOMA-Script-dependent b
asics and keyval usage)

(/usr/share/texlive/texmf-dist/tex/latex/koma-script/scrbase.sty
Package: scrbase 2017/09/07 v3.24 KOMA-Script package (KOMA-Script-independent 
basics and keyval usage)

(/usr/share/texlive/texmf-dist/tex/latex/koma-script/scrlfile.sty
Package: scrlfile 2017/09/07 v3.24 KOMA-Script package (loading files)
)))
\ta@bcor=\skip53
\ta@div=\count118
\ta@hblk=\skip54
\ta@vblk=\skip55
\ta@temp=\skip56
\footheight=\skip57
LaTeX Font Info:    Try loading font information for OT1+lmr on input line 1686
.

(/usr/share/texmf/tex/latex/lm/ot1lmr.fd
File: ot1lmr.fd 2009/10/30 v1.6 Font defs for Latin Modern
)
Package typearea Info: These are the values describing the layout:
(typearea)             DIV  = 10
(typearea)             BCOR = 0.0pt
(typearea)             \paperwidth      = 597.50793pt
(typearea)              \textwidth      = 418.25555pt
(typearea)              DIV departure   = -6%
(typearea)              \evensidemargin = 17.3562pt
(typearea)              \oddsidemargin  = 17.3562pt
(typearea)             \paperheight     = 845.04694pt
(typearea)              \textheight     = 595.80026pt
(typearea)              \topmargin      = -25.16531pt
(typearea)              \headheight     = 17.0pt
(typearea)              \headsep        = 20.40001pt
(typearea)              \topskip        = 11.0pt
(typearea)              \footskip       = 47.6pt
(typearea)              \baselineskip   = 13.6pt
(typearea)              on input line 1686.
)
(/usr/share/texlive/texmf-dist/tex/latex/changepage/changepage.sty
Package: changepage 2009/10/20 v1.0c check page and change page layout
\c@cp@cntr=\count119
\cp@tempcnt=\count120
)
(/usr/share/texlive/texmf-dist/tex/latex/enumitem/enumitem.sty
Package: enumitem 2011/09/28 v3.5.2 Customized lists
\labelindent=\skip58
\enit@outerparindent=\dimen127
\enit@toks=\toks20
\enit@inbox=\box29
\enitdp@description=\count121
)
(/usr/share/texlive/texmf-dist/tex/latex/tools/multicol.sty
Package: multicol 2017/04/11 v1.8q multicolumn formatting (FMi)
\c@tracingmulticols=\count122
\mult@box=\box30
\multicol@leftmargin=\dimen128
\c@unbalance=\count123
\c@collectmore=\count124
\doublecol@number=\count125
\multicoltolerance=\count126
\multicolpretolerance=\count127
\full@width=\dimen129
\page@free=\dimen130
\premulticols=\dimen131
\postmulticols=\dimen132
\multicolsep=\skip59
\multicolbaselineskip=\skip60
\partial@page=\box31
\last@line=\box32
\maxbalancingoverflow=\dimen133
\mult@rightbox=\box33
\mult@grightbox=\box34
\mult@gfirstbox=\box35
\mult@firstbox=\box36
\@tempa=\box37
\@tempa=\box38
\@tempa=\box39
\@tempa=\box40
\@tempa=\box41
\@tempa=\box42
\@tempa=\box43
\@tempa=\box44
\@tempa=\box45
\@tempa=\box46
\@tempa=\box47
\@tempa=\box48
\@tempa=\box49
\@tempa=\box50
\@tempa=\box51
\@tempa=\box52
\@tempa=\box53
\c@columnbadness=\count128
\c@finalcolumnbadness=\count129
\last@try=\dimen134
\multicolovershoot=\dimen135
\multicolundershoot=\dimen136
\mult@nat@firstbox=\box54
\colbreak@box=\box55
\mc@col@check@num=\count130
)
(/usr/share/texlive/texmf-dist/tex/latex/mathtools/mathtools.sty
Package: mathtools 2018/01/08 v1.21 mathematical typesetting tools

(/usr/share/texlive/texmf-dist/tex/latex/tools/calc.sty
Package: calc 2014/10/28 v4.3 Infix arithmetic (KKT,FJ)
\calc@Acount=\count131
\calc@Bcount=\count132
\calc@Adimen=\dimen137
\calc@Bdimen=\dimen138
\calc@Askip=\skip61
\calc@Bskip=\skip62
LaTeX Info: Redefining \setlength on input line 80.
LaTeX Info: Redefining \addtolength on input line 81.
\calc@Ccount=\count133
\calc@Cskip=\skip63
)
(/usr/share/texlive/texmf-dist/tex/latex/mathtools/mhsetup.sty
Package: mhsetup 2017/03/31 v1.3 programming setup (MH)
)
(/usr/share/texlive/texmf-dist/tex/latex/amsmath/amsmath.sty
Package: amsmath 2017/09/02 v2.17a AMS math features
\@mathmargin=\skip64

For additional information on amsmath, use the `?' option.
(/usr/share/texlive/texmf-dist/tex/latex/amsmath/amstext.sty
Package: amstext 2000/06/29 v2.01 AMS text

(/usr/share/texlive/texmf-dist/tex/latex/amsmath/amsgen.sty
File: amsgen.sty 1999/11/30 v2.0 generic functions
\@emptytoks=\toks21
\ex@=\dimen139
))
(/usr/share/texlive/texmf-dist/tex/latex/amsmath/amsbsy.sty
Package: amsbsy 1999/11/29 v1.2d Bold Symbols
\pmbraise@=\dimen140
)
(/usr/share/texlive/texmf-dist/tex/latex/amsmath/amsopn.sty
Package: amsopn 2016/03/08 v2.02 operator names
)
\inf@bad=\count134
LaTeX Info: Redefining \frac on input line 213.
\uproot@=\count135
\leftroot@=\count136
LaTeX Info: Redefining \overline on input line 375.
\classnum@=\count137
\DOTSCASE@=\count138
LaTeX Info: Redefining \ldots on input line 472.
LaTeX Info: Redefining \dots on input line 475.
LaTeX Info: Redefining \cdots on input line 596.
\Mathstrutbox@=\box56
\strutbox@=\box57
\big@size=\dimen141
LaTeX Font Info:    Redeclaring font encoding OML on input line 712.
LaTeX Font Info:    Redeclaring font encoding OMS on input line 713.
\macc@depth=\count139
\c@MaxMatrixCols=\count140
\dotsspace@=\muskip11
\c@parentequation=\count141
\dspbrk@lvl=\count142
\tag@help=\toks22
\row@=\count143
\column@=\count144
\maxfields@=\count145
\andhelp@=\toks23
\eqnshift@=\dimen142
\alignsep@=\dimen143
\tagshift@=\dimen144
\tagwidth@=\dimen145
\totwidth@=\dimen146
\lineht@=\dimen147
\@envbody=\toks24
\multlinegap=\skip65
\multlinetaggap=\skip66
\mathdisplay@stack=\toks25
LaTeX Info: Redefining \[ on input line 2817.
LaTeX Info: Redefining \] on input line 2818.
)
LaTeX Info: Thecontrolsequence`\('isalreadyrobust on input line 129.
LaTeX Info: Thecontrolsequence`\)'isalreadyrobust on input line 129.
LaTeX Info: Thecontrolsequence`\['isalreadyrobust on input line 129.
LaTeX Info: Thecontrolsequence`\]'isalreadyrobust on input line 129.
\g_MT_multlinerow_int=\count146
\l_MT_multwidth_dim=\dimen148
\origjot=\skip67
\l_MT_shortvdotswithinadjustabove_dim=\dimen149
\l_MT_shortvdotswithinadjustbelow_dim=\dimen150
\l_MT_above_intertext_sep=\dimen151
\l_MT_below_intertext_sep=\dimen152
\l_MT_above_shortintertext_sep=\dimen153
\l_MT_below_shortintertext_sep=\dimen154
)
(/usr/share/texlive/texmf-dist/tex/latex/adjustbox/adjustbox.sty
Package: adjustbox 2012/05/21 v1.0 Adjusting TeX boxes (trim, clip, ...)

(/usr/share/texlive/texmf-dist/tex/latex/xkeyval/xkeyval.sty
Package: xkeyval 2014/12/03 v2.7a package option processing (HA)

(/usr/share/texlive/texmf-dist/tex/generic/xkeyval/xkeyval.tex
(/usr/share/texlive/texmf-dist/tex/generic/xkeyval/xkvutils.tex
\XKV@toks=\toks26
\XKV@tempa@toks=\toks27
)
\XKV@depth=\count147
File: xkeyval.tex 2014/12/03 v2.7a key=value parser (HA)
))
(/usr/share/texlive/texmf-dist/tex/latex/adjustbox/adjcalc.sty
Package: adjcalc 2012/05/16 v1.1 Provides advanced setlength with multiple back
-ends (calc, etex, pgfmath)
)
(/usr/share/texlive/texmf-dist/tex/latex/adjustbox/trimclip.sty
Package: trimclip 2012/05/16 v1.0 Trim and clip general TeX material

(/usr/share/texlive/texmf-dist/tex/latex/collectbox/collectbox.sty
Package: collectbox 2012/05/17 v0.4b Collect macro arguments as boxes
\collectedbox=\box58
)
\tc@llx=\dimen155
\tc@lly=\dimen156
\tc@urx=\dimen157
\tc@ury=\dimen158
Package trimclip Info: Using driver 'tc-pdftex.def'.

(/usr/share/texlive/texmf-dist/tex/latex/adjustbox/tc-pdftex.def
File: tc-pdftex.def 2012/05/13 v1.0 Clipping driver for pdftex
))
\adjbox@Width=\dimen159
\adjbox@Height=\dimen160
\adjbox@Depth=\dimen161
\adjbox@Totalheight=\dimen162

(/usr/share/texlive/texmf-dist/tex/latex/ifoddpage/ifoddpage.sty
Package: ifoddpage 2016/04/23 v1.1 Conditionals for odd/even page detection
\c@checkoddpage=\count148
LaTeX Info: Redefining \checkoddpage on input line 45.
)
(/usr/share/texlive/texmf-dist/tex/latex/varwidth/varwidth.sty
Package: varwidth 2009/03/30 ver 0.92;  Variable-width minipages
\@vwid@box=\box59
\sift@deathcycles=\count149
\@vwid@loff=\dimen163
\@vwid@roff=\dimen164
))
(/usr/share/texlive/texmf-dist/tex/latex/natbib/natbib.sty
Package: natbib 2010/09/13 8.31b (PWD, AO)
\bibhang=\skip68
\bibsep=\skip69
LaTeX Info: Redefining \cite on input line 694.
\c@NAT@ctr=\count150
)
(./Smart_Contract.aux (./dedication.aux) (./acknowlegements.aux)
(./abstract.aux) (./introduction.aux) (./chapter1.aux) (./chapter2.aux)
(./chapter3.aux) (./chapter4.aux) (./conclusions.aux) (./appendix1.aux)
(./appendix2.aux) (./appendix3.aux) (./appendix4.aux) (./appendix5.aux)
(./appendix6.aux) (./appendix7.aux) (./appendix8.aux))
\openout1 = `Smart_Contract.aux'.

LaTeX Font Info:    Checking defaults for OML/cmm/m/it on input line 38.
LaTeX Font Info:    ... okay on input line 38.
LaTeX Font Info:    Checking defaults for T1/cmr/m/n on input line 38.
LaTeX Font Info:    ... okay on input line 38.
LaTeX Font Info:    Checking defaults for OT1/cmr/m/n on input line 38.
LaTeX Font Info:    ... okay on input line 38.
LaTeX Font Info:    Checking defaults for OMS/cmsy/m/n on input line 38.
LaTeX Font Info:    ... okay on input line 38.
LaTeX Font Info:    Checking defaults for OMX/cmex/m/n on input line 38.
LaTeX Font Info:    ... okay on input line 38.
LaTeX Font Info:    Checking defaults for U/cmr/m/n on input line 38.
LaTeX Font Info:    ... okay on input line 38.
LaTeX Font Info:    Checking defaults for PD1/pdf/m/n on input line 38.
LaTeX Font Info:    ... okay on input line 38.

(/usr/share/texlive/texmf-dist/tex/context/base/mkii/supp-pdf.mkii
[Loading MPS to PDF converter (version 2006.09.02).]
\scratchcounter=\count151
\scratchdimen=\dimen165
\scratchbox=\box60
\nofMPsegments=\count152
\nofMParguments=\count153
\everyMPshowfont=\toks28
\MPscratchCnt=\count154
\MPscratchDim=\dimen166
\MPnumerator=\count155
\makeMPintoPDFobject=\count156
\everyMPtoPDFconversion=\toks29
) (/usr/share/texlive/texmf-dist/tex/latex/oberdiek/epstopdf-base.sty
Package: epstopdf-base 2016/05/15 v2.6 Base part for package epstopdf

(/usr/share/texlive/texmf-dist/tex/latex/oberdiek/grfext.sty
Package: grfext 2016/05/16 v1.2 Manage graphics extensions (HO)
)
Package epstopdf-base Info: Redefining graphics rule for `.eps' on input line 4
38.
Package grfext Info: Graphics extension search list:
(grfext)             [.pdf,.png,.jpg,.mps,.jpeg,.jbig2,.jb2,.PDF,.PNG,.JPG,.JPE
G,.JBIG2,.JB2,.eps]
(grfext)             \AppendGraphicsExtensions on input line 456.

(/usr/share/texlive/texmf-dist/tex/latex/latexconfig/epstopdf-sys.cfg
File: epstopdf-sys.cfg 2010/07/13 v1.3 Configuration of (r)epstopdf for TeX Liv
e
))
\c@lstlisting=\count157
\AtBeginShipoutBox=\box61

(/usr/share/texlive/texmf-dist/tex/latex/graphics/color.sty
Package: color 2016/07/10 v1.1e Standard LaTeX Color (DPC)

(/usr/share/texlive/texmf-dist/tex/latex/graphics-cfg/color.cfg
File: color.cfg 2016/01/02 v1.6 sample color configuration
)
Package color Info: Driver file: pdftex.def on input line 147.
)
Package hyperref Info: Link coloring ON on input line 38.

(/usr/share/texlive/texmf-dist/tex/latex/hyperref/nameref.sty
Package: nameref 2016/05/21 v2.44 Cross-referencing by name of section

(/usr/share/texlive/texmf-dist/tex/generic/oberdiek/gettitlestring.sty
Package: gettitlestring 2016/05/16 v1.5 Cleanup title references (HO)
)
\c@section@level=\count158
)
LaTeX Info: Redefining \ref on input line 38.
LaTeX Info: Redefining \pageref on input line 38.
LaTeX Info: Redefining \nameref on input line 38.

(./Smart_Contract.out) (./Smart_Contract.out)
\@outlinefile=\write3
\openout3 = `Smart_Contract.out'.

Package caption Info: Begin \AtBeginDocument code.
Package caption Info: subfig package v1.3 is loaded.
Package caption Info: End \AtBeginDocument code.
<oxlogo.png, id=229, 151.767pt x 301.125pt>
File: oxlogo.png Graphic file (type png)
<use oxlogo.png>
Package pdftex.def Info: oxlogo.png  used on input line 50.
(pdftex.def)             Requested size: 91.04881pt x 180.65341pt.
 [1


] [2{/var/lib/texmf/fonts/map/pdftex/updmap/pdftex.map} <./oxlogo.png (PNG copy
)>] [3]
\openout2 = `dedication.aux'.

 (./dedication.tex
[4


])
\openout2 = `acknowlegements.aux'.

 (./acknowlegements.tex) [5


]
\openout2 = `abstract.aux'.

 (./abstract.tex [6



]) (./Smart_Contract.toc
LaTeX Font Info:    Try loading font information for OML+lmm on input line 1.

(/usr/share/texmf/tex/latex/lm/omllmm.fd
File: omllmm.fd 2009/10/30 v1.6 Font defs for Latin Modern
)
LaTeX Font Info:    Try loading font information for OMS+lmsy on input line 1.

(/usr/share/texmf/tex/latex/lm/omslmsy.fd
File: omslmsy.fd 2009/10/30 v1.6 Font defs for Latin Modern
)
LaTeX Font Info:    Try loading font information for OMX+lmex on input line 1.

(/usr/share/texmf/tex/latex/lm/omxlmex.fd
File: omxlmex.fd 2009/10/30 v1.6 Font defs for Latin Modern
)
LaTeX Font Info:    External font `lmex10' loaded for size
(Font)              <10.95> on input line 1.
LaTeX Font Info:    External font `lmex10' loaded for size
(Font)              <8> on input line 1.
LaTeX Font Info:    External font `lmex10' loaded for size
(Font)              <6> on input line 1.
LaTeX Font Info:    Try loading font information for U+msa on input line 1.

(/usr/share/texlive/texmf-dist/tex/latex/amsfonts/umsa.fd
File: umsa.fd 2013/01/14 v3.01 AMS symbols A
)
LaTeX Font Info:    Try loading font information for U+msb on input line 1.

(/usr/share/texlive/texmf-dist/tex/latex/amsfonts/umsb.fd
File: umsb.fd 2013/01/14 v3.01 AMS symbols B
) [1



] [2])
\tf@toc=\write4
\openout4 = `Smart_Contract.toc'.

 [3]
(./Smart_Contract.lof)
\tf@lof=\write5
\openout5 = `Smart_Contract.lof'.

 [4

]
\openout2 = `introduction.aux'.

 (./introduction.tex)
Underfull \hbox (badness 10000) in paragraph at lines 16--60

 []

pdfTeX warning (ext4): destination with the same identifier (name{page.1}) has 
been already used, duplicate ignored
<to be read again> 
                   \relax 
l.60 \include{introduction}
                            [1


]pdfTeX warning (ext4): destination with the same identifier (name{page.2}) has
 been already used, duplicate ignored
<to be read again> 
                   \relax 
l.60 \include{introduction}
                            [2]
\openout2 = `chapter1.aux'.

 (./chapter1.tex
Chapter 1.

Package natbib Warning: Citation `Ozsu' on page 3 undefined on input line 10.

pdfTeX warning (ext4): destination with the same identifier (name{page.3}) has 
been already used, duplicate ignored
<to be read again> 
                   \relax 
l.11 
      [3



]
Underfull \hbox (badness 10000) in paragraph at lines 20--24

 []

pdfTeX warning (ext4): destination with the same identifier (name{page.4}) has 
been already used, duplicate ignored
<to be read again> 
                   \relax 
l.27     \item
               Proof of Work (PoW): [4]
LaTeX Font Info:    Try loading font information for OMS+lmr on input line 27.

(/usr/share/texmf/tex/latex/lm/omslmr.fd
File: omslmr.fd 2009/10/30 v1.6 Font defs for Latin Modern
)
LaTeX Font Info:    Font shape `OMS/lmr/m/n' in size <10.95> not available
(Font)              Font shape `OMS/lmsy/m/n' tried instead on input line 27.

Overfull \hbox (16.24805pt too wide) in paragraph at lines 27--30
\OT1/lmr/m/n/10.95 Miners(actors who par-tic-i-pate in cryp-tocur-rency trans-a
c-tions) con-nected to blockchain
 []

pdfTeX warning (ext4): destination with the same identifier (name{page.5}) has 
been already used, duplicate ignored
<to be read again> 
                   \relax 
l.34     \item P
                roof of Stake: Blockchain tries to solve the problem called ...
[5]
Overfull \hbox (10.46747pt too wide) in paragraph at lines 44--45
[]\OT1/lmr/m/n/10.95 consensus: all nodes on the net-work should agree to val-i
-date tran-si-tion and blockchain
 []


Package natbib Warning: Citation `Athital' on page 6 undefined on input line 48
.


Package natbib Warning: Citation `Athital' on page 6 undefined on input line 49
.

pdfTeX warning (ext4): destination with the same identifier (name{page.6}) has 
been already used, duplicate ignored
<to be read again> 
                   \relax 
l.51     \item
               \textbf{Public Blockchain} [6]
Overfull \hbox (17.07397pt too wide) in paragraph at lines 54--55
[]\OT1/lmr/b/n/10.95 Consortium Blockchain\OT1/lmr/m/n/10.95 : This is semi-dec
entralized blockchain. This type of blockchain
 []


Package natbib Warning: Citation `Ilya' on page 7 undefined on input line 59.

[7]
<images/chap01_BlockChain.png, id=431, 1533.73pt x 574.145pt>
File: images/chap01_BlockChain.png Graphic file (type png)
<use images/chap01_BlockChain.png>
Package pdftex.def Info: images/chap01_BlockChain.png  used on input line 71.
(pdftex.def)             Requested size: 448.58084pt x 167.91702pt.

Overfull \hbox (218.53902pt too wide) in paragraph at lines 71--72
 [][] 
 []


Underfull \hbox (badness 10000) in paragraph at lines 79--82

 []

[8 <./images/chap01_BlockChain.png>]

Package natbib Warning: Citation `Egbertsen' on page 9 undefined on input line 
96.


Package natbib Warning: Citation `Egbertsen' on page 9 undefined on input line 
98.

[9]

Package natbib Warning: Citation `Egbertsen' on page 10 undefined on input line
 101.


Package natbib Warning: Citation `Egbertsen' on page 10 undefined on input line
 105.


Underfull \hbox (badness 10000) in paragraph at lines 103--107

 []


Package natbib Warning: Citation `Gavin' on page 10 undefined on input line 107
.


Package natbib Warning: Citation `Gavin' on page 10 undefined on input line 108
.


Package natbib Warning: Citation `Gavin' on page 10 undefined on input line 109
.


Underfull \hbox (badness 10000) in paragraph at lines 110--112

 []


Underfull \hbox (badness 10000) in paragraph at lines 114--118

 []

[10]
<images/chap01_hash_function.png, id=449, 262.73157pt x 204.765pt>
File: images/chap01_hash_function.png Graphic file (type png)
<use images/chap01_hash_function.png>
Package pdftex.def Info: images/chap01_hash_function.png  used on input line 12
3.
(pdftex.def)             Requested size: 407.79852pt x 317.83861pt.

Overfull \hbox (198.67075pt too wide) in paragraph at lines 123--124
 [][] 
 []


Package natbib Warning: Citation `Egbertsen' on page 11 undefined on input line
 131.


Underfull \hbox (badness 10000) in paragraph at lines 130--133

 []

[11 <./images/chap01_hash_function.png>]

Package natbib Warning: Citation `Egbertsen' on page 12 undefined on input line
 149.


Package natbib Warning: Citation `Egbertsen' on page 12 undefined on input line
 153.

LaTeX Font Info:    External font `lmex10' loaded for size
(Font)              <9> on input line 157.
LaTeX Font Info:    External font `lmex10' loaded for size
(Font)              <5> on input line 157.

Overfull \hbox (204.0942pt too wide) in paragraph at lines 157--157
[][][]\OT1/lmr/m/n/9 https://www.fon.hum.uva.nl/rob/Courses/InformationInSpeech
/CDROM/Literature/LOTwinterschool2006/szabo.best.vwh.net/smart.contracts.html| 

 []

[12]

Package natbib Warning: Citation `Ilya' on page 13 undefined on input line 164.


) [13]
\openout2 = `chapter2.aux'.

 (./chapter2.tex
Chapter 2.

LaTeX Font Warning: Font shape `OT1/lmr/b/it' in size <10.95> not available
(Font)              Font shape `OT1/lmr/b/sl' tried instead on input line 13.


Package natbib Warning: Citation `Kim' on page 14 undefined on input line 15.


Package natbib Warning: Citation `Kim' on page 14 undefined on input line 16.

[14



]
<images/chap02_diagram_ontology.png, id=477, 1059.96pt x 951.555pt>
File: images/chap02_diagram_ontology.png Graphic file (type png)
<use images/chap02_diagram_ontology.png>
Package pdftex.def Info: images/chap02_diagram_ontology.png  used on input line
 25.
(pdftex.def)             Requested size: 379.5676pt x 340.7446pt.

Overfull \hbox (149.52577pt too wide) in paragraph at lines 25--26
 [][] 
 []


Underfull \hbox (badness 10000) in paragraph at lines 35--41

 []

<images/chap02_LinkData.png, id=481, 1150.2975pt x 1098.1025pt>
File: images/chap02_LinkData.png Graphic file (type png)
<use images/chap02_LinkData.png>
Package pdftex.def Info: images/chap02_LinkData.png  used on input line 47.
(pdftex.def)             Requested size: 356.56552pt x 340.37474pt.

Overfull \hbox (126.5237pt too wide) in paragraph at lines 47--48
 [][] 
 []

[15] [16 <./images/chap02_diagram_ontology.png>] [17 <./images/chap02_LinkData.
png>]
Underfull \hbox (badness 10000) in paragraph at lines 76--77

 []


Underfull \hbox (badness 10000) in paragraph at lines 78--80

 []

<images/chap2_EthOnContract.png, id=508, 1793.70125pt x 1358.07375pt>
File: images/chap2_EthOnContract.png Graphic file (type png)
<use images/chap2_EthOnContract.png>
Package pdftex.def Info: images/chap2_EthOnContract.png  used on input line 88.

(pdftex.def)             Requested size: 376.43063pt x 284.99667pt.

Overfull \hbox (167.30286pt too wide) in paragraph at lines 88--89
 [][] 
 []

<images/chap02_EthOn_Properties.png, id=511, 1102.1175pt x 1048.91875pt>
File: images/chap02_EthOn_Properties.png Graphic file (type png)
<use images/chap02_EthOn_Properties.png>
Package pdftex.def Info: images/chap02_EthOn_Properties.png  used on input line
 98.
(pdftex.def)             Requested size: 379.5676pt x 361.23715pt.

Overfull \hbox (149.52577pt too wide) in paragraph at lines 98--99
 [][] 
 []

[18]
<images/chap02_BLONDiE.png, id=521, 1128.215pt x 711.65875pt>
File: images/chap02_BLONDiE.png Graphic file (type png)
<use images/chap02_BLONDiE.png>
Package pdftex.def Info: images/chap02_BLONDiE.png  used on input line 114.
(pdftex.def)             Requested size: 402.57318pt x 253.93828pt.

Overfull \hbox (172.53136pt too wide) in paragraph at lines 114--115
 [][] 
 []

[19 <./images/chap2_EthOnContract.png>] [20 <./images/chap02_EthOn_Properties.p
ng>]
Overfull \hbox (2.77069pt too wide) in paragraph at lines 136--141
\OT1/lmr/b/n/10.95 - \OT1/lmr/m/n/10.95 Cre-ate se-man-tic blockchain that in-t
er-nal data ex-change pro-to-col in RDF format[[]]. 
 []


Underfull \hbox (badness 10000) in paragraph at lines 136--141

 []

[21 <./images/chap02_BLONDiE.png>]
<images/chap02_SmartContract_ABI.png, id=543, 955.57pt x 515.9275pt>
File: images/chap02_SmartContract_ABI.png Graphic file (type png)
<use images/chap02_SmartContract_ABI.png>
Package pdftex.def Info: images/chap02_SmartContract_ABI.png  used on input lin
e 155.
(pdftex.def)             Requested size: 448.58084pt x 242.19467pt.

Overfull \hbox (218.53902pt too wide) in paragraph at lines 155--156
 [][] 
 []

) [22 <./images/chap02_SmartContract_ABI.png>]
\openout2 = `chapter3.aux'.

 (./chapter3.tex
Chapter 3.

Underfull \hbox (badness 10000) in paragraph at lines 5--7

 []

[23



]
Underfull \hbox (badness 10000) in paragraph at lines 12--15

 []


Underfull \hbox (badness 10000) in paragraph at lines 21--23

 []

[24]) [25]
\openout2 = `chapter4.aux'.

 (./chapter4.tex
Chapter 4.
<images/chap03_dapp.png, id=568, 808.01875pt x 572.1375pt>
File: images/chap03_dapp.png Graphic file (type png)
<use images/chap03_dapp.png>
Package pdftex.def Info: images/chap03_dapp.png  used on input line 12.
(pdftex.def)             Requested size: 303.23463pt x 214.7169pt.

Overfull \hbox (94.10686pt too wide) in paragraph at lines 12--13
[][] 
 []


Underfull \hbox (badness 10000) in paragraph at lines 32--34

 []

[26



]
Underfull \hbox (badness 10000) in paragraph at lines 37--38

 []


Underfull \hbox (badness 10000) in paragraph at lines 38--39

 []


Underfull \hbox (badness 10000) in paragraph at lines 39--40

 []

[27 <./images/chap03_dapp.png>]
Overfull \hbox (4.79303pt too wide) in paragraph at lines 45--46
[]\OT1/lmr/m/it/10.95 Transaction Triple tem-plate \OT1/lmr/m/n/10.95 de-fines 
for the re-la-tion-ship be-tween con-cepts(block
 []


Underfull \hbox (badness 10000) in paragraph at lines 48--50

 []


Underfull \hbox (badness 10000) in paragraph at lines 52--71

 []


Underfull \hbox (badness 10000) in paragraph at lines 52--71

 []


Underfull \hbox (badness 10000) in paragraph at lines 52--71

 []


Underfull \hbox (badness 10000) in paragraph at lines 52--71

 []

[28]
LaTeX Font Info:    Try loading font information for OT1+qcr on input line 71.
 (/usr/share/texmf/tex/latex/tex-gyre/ot1qcr.fd
File: ot1qcr.fd 2009/09/25 v1.2 font definition file for OT1/qcr
)
Overfull \hbox (5.26625pt too wide) in paragraph at lines 71--78
[]\OT1/qcr/m/n/10.95 Truffle \OT1/lmr/m/n/10.95 is the smart con-tract de-vel-o
p-ment tools and test-ing net-work for blockchain
 []


Underfull \hbox (badness 10000) in paragraph at lines 71--78

 []


Overfull \hbox (4.2019pt too wide) in paragraph at lines 78--80
\OT1/lmr/m/n/10.95 React has the ad-van-tage of pro-vid-ing a fea-ture that com
-bines the speed of JavaScript
 []


Underfull \hbox (badness 10000) in paragraph at lines 78--80

 []

[29]
Underfull \hbox (badness 10000) in paragraph at lines 81--82

 []


Underfull \hbox (badness 10000) in paragraph at lines 82--83

 []


Underfull \hbox (badness 10000) in paragraph at lines 83--85

 []


Underfull \hbox (badness 10000) in paragraph at lines 85--87

 []


Underfull \hbox (badness 10000) in paragraph at lines 87--88

 []


Underfull \hbox (badness 10000) in paragraph at lines 90--92

 []

[30]
Underfull \hbox (badness 10000) in paragraph at lines 101--102

 []


Overfull \hbox (13.5313pt too wide) in paragraph at lines 102--103
[]\OT1/lmr/m/it/10.95 Metamask Wal-let \OT1/lmr/m/n/10.95 Meta-mask is a wal-le
t used to in-ter-act with the Ethereum blockchain.
 []


Underfull \hbox (badness 10000) in paragraph at lines 102--103

 []


Underfull \hbox (badness 10000) in paragraph at lines 103--104

 []


Underfull \hbox (badness 10000) in paragraph at lines 104--104
[][][]\OT1/lmr/m/n/9 https://blog.infura.io/post/introducing-infuras-eth-testne
t-faucet-get-0-5-eth-daily-to-test-your-
 []


Underfull \hbox (badness 10000) in paragraph at lines 104--106

 []

[31]
Underfull \hbox (badness 10000) in paragraph at lines 106--108

 []

<images/chap03_knowledge_graph.png, id=620, 633.36626pt x 583.17876pt>
File: images/chap03_knowledge_graph.png Graphic file (type png)
<use images/chap03_knowledge_graph.png>
Package pdftex.def Info: images/chap03_knowledge_graph.png  used on input line 
116.
(pdftex.def)             Requested size: 454.85194pt x 418.82056pt.

Overfull \hbox (141.16028pt too wide) in paragraph at lines 116--117
[][] 
 []


Underfull \hbox (badness 10000) in paragraph at lines 127--144

 []


Underfull \hbox (badness 10000) in paragraph at lines 127--144

 []


Underfull \hbox (badness 10000) in paragraph at lines 127--144

 []


Underfull \hbox (badness 10000) in paragraph at lines 127--144

 []


Underfull \hbox (badness 10000) in paragraph at lines 127--144

 []

[32] [33 <./images/chap03_knowledge_graph.png>]
Underfull \hbox (badness 10000) in paragraph at lines 146--151

 []

[34]
<images/chap03_user_roadmap.png, id=635, 667.49374pt x 592.2125pt>
File: images/chap03_user_roadmap.png Graphic file (type png)
<use images/chap03_user_roadmap.png>
Package pdftex.def Info: images/chap03_user_roadmap.png  used on input line 162
.
(pdftex.def)             Requested size: 454.85194pt x 403.56667pt.

Overfull \hbox (141.16028pt too wide) in paragraph at lines 162--163
[][] 
 []


Underfull \hbox (badness 10000) in paragraph at lines 167--177

 []


Underfull \hbox (badness 10000) in paragraph at lines 167--177

 []


Underfull \hbox (badness 10000) in paragraph at lines 167--177

 []

[35 <./images/chap03_user_roadmap.png>]
<images/chap03_eth_dalicc_comm.png, id=641, 563.10374pt x 334.24875pt>
File: images/chap03_eth_dalicc_comm.png Graphic file (type png)
<use images/chap03_eth_dalicc_comm.png>
Package pdftex.def Info: images/chap03_eth_dalicc_comm.png  used on input line 
192.
(pdftex.def)             Requested size: 470.53749pt x 279.30327pt.

Overfull \hbox (156.84583pt too wide) in paragraph at lines 192--193
[][] 
 []

[36]
Underfull \hbox (badness 10000) in paragraph at lines 204--206

 []


Underfull \hbox (badness 10000) in paragraph at lines 206--208

 []

[37 <./images/chap03_eth_dalicc_comm.png>]
Underfull \hbox (badness 10000) in paragraph at lines 208--210

 []

<images/chap03_smartContract_visual.png, id=651, 783.92876pt x 442.65375pt>
File: images/chap03_smartContract_visual.png Graphic file (type png)
<use images/chap03_smartContract_visual.png>
Package pdftex.def Info: images/chap03_smartContract_visual.png  used on input 
line 221.
(pdftex.def)             Requested size: 454.85194pt x 256.84065pt.

Overfull \hbox (141.16028pt too wide) in paragraph at lines 221--222
[][] 
 []


Underfull \hbox (badness 10000) in paragraph at lines 232--240

 []

[38 <./images/chap03_smartContract_visual.png>]
Underfull \hbox (badness 10000) in paragraph at lines 244--246

 []

[39]
Underfull \hbox (badness 10000) in paragraph at lines 249--251

 []

<images/chap03_selectType.jpg, id=662, 1458.44875pt x 787.94376pt>
File: images/chap03_selectType.jpg Graphic file (type jpg)
<use images/chap03_selectType.jpg>
Package pdftex.def Info: images/chap03_selectType.jpg  used on input line 264.
(pdftex.def)             Requested size: 367.01616pt x 198.28394pt.

Overfull \hbox (178.80244pt too wide) in paragraph at lines 264--265
 [][] 
 []

[40 <./images/chap03_selectType.jpg>]
<images/chap03_selectFile.jpg, id=667, 1494.58376pt x 783.92876pt>
File: images/chap03_selectFile.jpg Graphic file (type jpg)
<use images/chap03_selectFile.jpg>
Package pdftex.def Info: images/chap03_selectFile.jpg  used on input line 278.
(pdftex.def)             Requested size: 367.01616pt x 192.50082pt.

Overfull \hbox (178.80244pt too wide) in paragraph at lines 278--279
 [][] 
 []

<images/chap03_checkFile.jpg, id=668, 1123.19624pt x 595.47469pt>
File: images/chap03_checkFile.jpg Graphic file (type jpg)
<use images/chap03_checkFile.jpg>
Package pdftex.def Info: images/chap03_checkFile.jpg  used on input line 291.
(pdftex.def)             Requested size: 367.01616pt x 194.57188pt.

Overfull \hbox (178.80244pt too wide) in paragraph at lines 291--292
 [][] 
 []

<images/chap03_found_license.png, id=669, 1111.15125pt x 588.69937pt>
File: images/chap03_found_license.png Graphic file (type png)
<use images/chap03_found_license.png>
Package pdftex.def Info: images/chap03_found_license.png  used on input line 30
4.
(pdftex.def)             Requested size: 367.01616pt x 194.45103pt.

Overfull \hbox (178.80244pt too wide) in paragraph at lines 304--305
 [][] 
 []


Underfull \hbox (badness 10000) in paragraph at lines 311--315

 []


Underfull \hbox (badness 10000) in paragraph at lines 311--315

 []

<images/chap03_found_info.png, id=670, 882.29625pt x 489.32813pt>
File: images/chap03_found_info.png Graphic file (type png)
<use images/chap03_found_info.png>
Package pdftex.def Info: images/chap03_found_info.png  used on input line 320.
(pdftex.def)             Requested size: 448.58084pt x 248.78497pt.

Overfull \hbox (218.53902pt too wide) in paragraph at lines 320--321
 [][] 
 []

[41 <./images/chap03_selectFile.jpg>]
Underfull \hbox (badness 10000) in paragraph at lines 327--328

 []

[42 <./images/chap03_checkFile.jpg> <./images/chap03_found_license.png>]
<images/chap03_license_data.png, id=680, 1123.19624pt x 658.71094pt>
File: images/chap03_license_data.png Graphic file (type png)
<use images/chap03_license_data.png>
Package pdftex.def Info: images/chap03_license_data.png  used on input line 332
.
(pdftex.def)             Requested size: 367.01616pt x 215.23439pt.

Overfull \hbox (178.80244pt too wide) in paragraph at lines 332--333
 [][] 
 []

<images/chap03_license_hash.png, id=681, 1095.3422pt x 584.1825pt>
File: images/chap03_license_hash.png Graphic file (type png)
<use images/chap03_license_hash.png>
Package pdftex.def Info: images/chap03_license_hash.png  used on input line 343
.
(pdftex.def)             Requested size: 367.01616pt x 195.74022pt.

Overfull \hbox (178.80244pt too wide) in paragraph at lines 343--344
 [][] 
 []

[43 <./images/chap03_found_info.png> <./images/chap03_license_data.png>]
<images/chap03_confirm_tx.jpg, id=687, 1479.5275pt x 879.285pt>
File: images/chap03_confirm_tx.jpg Graphic file (type jpg)
<use images/chap03_confirm_tx.jpg>
Package pdftex.def Info: images/chap03_confirm_tx.jpg  used on input line 356.
(pdftex.def)             Requested size: 367.01616pt x 218.11678pt.

Overfull \hbox (178.80244pt too wide) in paragraph at lines 356--357
 [][] 
 []

[44 <./images/chap03_license_hash.png> <./images/chap03_confirm_tx.jpg>]
<images/chap03_licese_result_1.png, id=693, 1780.6525pt x 815.045pt>
File: images/chap03_licese_result_1.png Graphic file (type png)
<use images/chap03_licese_result_1.png>
Package pdftex.def Info: images/chap03_licese_result_1.png  used on input line 
373.
(pdftex.def)             Requested size: 448.58084pt x 205.32774pt.

Overfull \hbox (218.53902pt too wide) in paragraph at lines 373--374
 [][] 
 []

<images/chap03_licese_result_2.png, id=694, 1849.91125pt x 825.0825pt>
File: images/chap03_licese_result_2.png Graphic file (type png)
<use images/chap03_licese_result_2.png>
Package pdftex.def Info: images/chap03_licese_result_2.png  used on input line 
385.
(pdftex.def)             Requested size: 448.58084pt x 200.06339pt.

Overfull \hbox (218.53902pt too wide) in paragraph at lines 385--386
 [][] 
 []

) [45 <./images/chap03_licese_result_1.png>] [46 <./images/chap03_licese_result
_2.png>]
\openout2 = `conclusions.aux'.

 (./conclusions.tex
Chapter 5.
) [47



]
\openout2 = `appendix1.aux'.

 (./appendix1.tex
Appendix A.
<images/chap03_web3_schema.png, id=710, 415.5525pt x 756.8275pt>
File: images/chap03_web3_schema.png Graphic file (type png)
<use images/chap03_web3_schema.png>
Package pdftex.def Info: images/chap03_web3_schema.png  used on input line 10.
(pdftex.def)             Requested size: 122.33456pt x 222.80025pt.

Overfull \hbox (59.59879pt too wide) in paragraph at lines 10--11
 [][] 
 []

) [48



 <./images/chap03_web3_schema.png>]
\openout2 = `appendix2.aux'.

 (./appendix2.tex
Appendix B.
<images/chap03_triple_template.png, id=718, 684.30656pt x 573.64313pt>
File: images/chap03_triple_template.png Graphic file (type png)
<use images/chap03_triple_template.png>
Package pdftex.def Info: images/chap03_triple_template.png  used on input line 
7.
(pdftex.def)             Requested size: 350.70073pt x 293.98962pt.

Overfull \hbox (170.85391pt too wide) in paragraph at lines 7--8
 [][] 
 []

) [49



 <./images/chap03_triple_template.png>]
\openout2 = `appendix3.aux'.

 (./appendix3.tex
Appendix C.
<images/chap03_sparql_query_1.png, id=724, 736.25063pt x 411.78844pt>
File: images/chap03_sparql_query_1.png Graphic file (type png)
<use images/chap03_sparql_query_1.png>
Package pdftex.def Info: images/chap03_sparql_query_1.png  used on input line 8
.
(pdftex.def)             Requested size: 350.70073pt x 196.15446pt.

Overfull \hbox (170.85391pt too wide) in paragraph at lines 8--9
 [][] 
 []

) [50



 <./images/chap03_sparql_query_1.png>]
\openout2 = `appendix4.aux'.

 (./appendix4.tex
Appendix D.
<images/chap03_sparql_query_2.png, id=730, 1039.885pt x 1069.9975pt>
File: images/chap03_sparql_query_2.png Graphic file (type png)
<use images/chap03_sparql_query_2.png>
Package pdftex.def Info: images/chap03_sparql_query_2.png  used on input line 8
.
(pdftex.def)             Requested size: 350.70073pt x 360.85551pt.

Overfull \hbox (170.85391pt too wide) in paragraph at lines 8--9
 [][] 
 []

) [51



 <./images/chap03_sparql_query_2.png>]
\openout2 = `appendix5.aux'.

 (./appendix5.tex
Appendix E.
<images/chap03_sc_owner_license.png, id=738, 1014.79124pt x 1045.9075pt>
File: images/chap03_sc_owner_license.png Graphic file (type png)
<use images/chap03_sc_owner_license.png>
Package pdftex.def Info: images/chap03_sc_owner_license.png  used on input line
 8.
(pdftex.def)             Requested size: 350.70073pt x 361.44493pt.

Overfull \hbox (170.85391pt too wide) in paragraph at lines 8--9
 [][] 
 []

) [52



 <./images/chap03_sc_owner_license.png>]
\openout2 = `appendix6.aux'.

 (./appendix6.tex
Appendix F.
<images/chap03_sc_manager.png, id=745, 743.02594pt x 421.575pt>
File: images/chap03_sc_manager.png Graphic file (type png)
<use images/chap03_sc_manager.png>
Package pdftex.def Info: images/chap03_sc_manager.png  used on input line 8.
(pdftex.def)             Requested size: 350.70073pt x 198.98296pt.

Overfull \hbox (170.85391pt too wide) in paragraph at lines 8--9
 [][] 
 []

) [53



 <./images/chap03_sc_manager.png>]
\openout2 = `appendix7.aux'.

 (./appendix7.tex
Appendix G.
<images/chap03_sc_primary.png, id=752, 1034.86626pt x 914.41624pt>
File: images/chap03_sc_primary.png Graphic file (type png)
<use images/chap03_sc_primary.png>
Package pdftex.def Info: images/chap03_sc_primary.png  used on input line 8.
(pdftex.def)             Requested size: 350.70073pt x 309.87885pt.

Overfull \hbox (170.85391pt too wide) in paragraph at lines 8--9
 [][] 
 []

) [54



 <./images/chap03_sc_primary.png>]
\openout2 = `appendix8.aux'.

 (./appendix8.tex
Appendix H.
<images/chap03_triple_result.png, id=759, 1346.02875pt x 1757.56625pt>
File: images/chap03_triple_result.png Graphic file (type png)
<use images/chap03_triple_result.png>
Package pdftex.def Info: images/chap03_triple_result.png  used on input line 8.

(pdftex.def)             Requested size: 285.46391pt x 372.74709pt.

Overfull \hbox (139.07193pt too wide) in paragraph at lines 8--9
 [][] 
 []

[55



 <./images/chap03_triple_result.png>]) [56] (./Smart_Contract.bbl [57


])

Package natbib Warning: There were undefined citations.

Package atveryend Info: Empty hook `BeforeClearDocument' on input line 86.
[58]
Package atveryend Info: Empty hook `AfterLastShipout' on input line 86.
 (./Smart_Contract.aux (./dedication.aux) (./acknowlegements.aux)
(./abstract.aux) (./introduction.aux) (./chapter1.aux) (./chapter2.aux)
(./chapter3.aux) (./chapter4.aux) (./conclusions.aux) (./appendix1.aux)
(./appendix2.aux) (./appendix3.aux) (./appendix4.aux) (./appendix5.aux)
(./appendix6.aux) (./appendix7.aux) (./appendix8.aux))
Package atveryend Info: Executing hook `AtVeryEndDocument' on input line 86.
Package atveryend Info: Executing hook `AtEndAfterFileList' on input line 86.
Package rerunfilecheck Info: File `Smart_Contract.out' has not changed.
(rerunfilecheck)             Checksum: E863C8F2E866CDC1AFF84DFEA0ACFE64;3746.
Package atveryend Info: Empty hook `AtVeryVeryEnd' on input line 86.
 ) 
Here is how much of TeX's memory you used:
 12537 strings out of 492982
 193266 string characters out of 6134896
 415351 words of memory out of 5000000
 15538 multiletter control sequences out of 15000+600000
 72653 words of font info for 57 fonts, out of 8000000 for 9000
 1141 hyphenation exceptions out of 8191
 44i,8n,79p,1492b,551s stack positions out of 5000i,500n,10000p,200000b,80000s
{/usr/share/texmf/fonts/enc/dvips/tex-gyre/q-rmm.enc}{/usr/share/texmf/fonts/
enc/dvips/lm/lm-rm.enc}{/usr/share/texmf/fonts/enc/dvips/lm/lm-mathit.enc}{/usr
/share/texmf/fonts/enc/dvips/lm/lm-mathsy.enc}</usr/share/texmf/fonts/type1/pub
lic/lm/lmb10.pfb></usr/share/texmf/fonts/type1/public/lm/lmbo10.pfb></usr/share
/texmf/fonts/type1/public/lm/lmmi10.pfb></usr/share/texmf/fonts/type1/public/lm
/lmr10.pfb></usr/share/texmf/fonts/type1/public/lm/lmr12.pfb></usr/share/texmf/
fonts/type1/public/lm/lmr6.pfb></usr/share/texmf/fonts/type1/public/lm/lmr8.pfb
></usr/share/texmf/fonts/type1/public/lm/lmr9.pfb></usr/share/texmf/fonts/type1
/public/lm/lmri10.pfb></usr/share/texmf/fonts/type1/public/lm/lmri12.pfb></usr/
share/texmf/fonts/type1/public/lm/lmsy10.pfb></usr/share/texmf/fonts/type1/publ
ic/tex-gyre/qcrr.pfb>
Output written on Smart_Contract.pdf (68 pages, 8793594 bytes).
PDF statistics:
 866 PDF objects out of 1000 (max. 8388607)
 716 compressed objects within 8 object streams
 182 named destinations out of 1000 (max. 500000)
 609 words of extra memory for PDF output out of 10000 (max. 10000000)

