\BOOKMARK [1][-]{section.0.1}{Introduction}{}% 1
\BOOKMARK [0][-]{chapter.1}{Smart Contract and Distributed Ledger Technology}{}% 2
\BOOKMARK [1][-]{section.1.1}{Ledger}{chapter.1}% 3
\BOOKMARK [2][-]{subsection.1.1.1}{Distributed Vs. Decentralized }{section.1.1}% 4
\BOOKMARK [1][-]{section.1.2}{Distributed Ledger Technology\(DLT\)}{chapter.1}% 5
\BOOKMARK [2][-]{subsection.1.2.1}{How DLT works?}{section.1.2}% 6
\BOOKMARK [1][-]{section.1.3}{Blockchain}{chapter.1}% 7
\BOOKMARK [2][-]{subsection.1.3.1}{Type of Blockchian}{section.1.3}% 8
\BOOKMARK [1][-]{section.1.4}{Ethereum}{chapter.1}% 9
\BOOKMARK [1][-]{section.1.5}{How Ethereum works?}{chapter.1}% 10
\BOOKMARK [2][-]{subsection.1.5.1}{Blockchain}{section.1.5}% 11
\BOOKMARK [2][-]{subsection.1.5.2}{Ether}{section.1.5}% 12
\BOOKMARK [2][-]{subsection.1.5.3}{Account}{section.1.5}% 13
\BOOKMARK [2][-]{subsection.1.5.4}{Contracts}{section.1.5}% 14
\BOOKMARK [2][-]{subsection.1.5.5}{smart contract}{section.1.5}% 15
\BOOKMARK [0][-]{chapter.2}{Blockchain as the infrastructure of semantic web}{}% 16
\BOOKMARK [1][-]{section.2.1}{Distributed ledgers and indexing}{chapter.2}% 17
\BOOKMARK [2][-]{subsection.2.1.1}{Why do we use ontology for Blockchain?}{section.2.1}% 18
\BOOKMARK [2][-]{subsection.2.1.2}{Linked Data}{section.2.1}% 19
\BOOKMARK [2][-]{subsection.2.1.3}{RDF}{section.2.1}% 20
\BOOKMARK [2][-]{subsection.2.1.4}{SPARQL}{section.2.1}% 21
\BOOKMARK [2][-]{subsection.2.1.5}{Ontology Web Language }{section.2.1}% 22
\BOOKMARK [2][-]{subsection.2.1.6}{Web 3.0}{section.2.1}% 23
\BOOKMARK [1][-]{section.2.2}{Vocabularies}{chapter.2}% 24
\BOOKMARK [2][-]{subsection.2.2.1}{Vocabulary in Distributed Ledger}{section.2.2}% 25
\BOOKMARK [2][-]{subsection.2.2.2}{Vocabulary in Smart Contracts}{section.2.2}% 26
\BOOKMARK [1][-]{section.2.3}{semantify Blockchain}{chapter.2}% 27
\BOOKMARK [2][-]{subsection.2.3.1}{Semantic Blockchain}{section.2.3}% 28
\BOOKMARK [2][-]{subsection.2.3.2}{Semantification process}{section.2.3}% 29
\BOOKMARK [2][-]{subsection.2.3.3}{Semantic Ontology Mapping using BLONDiE}{section.2.3}% 30
\BOOKMARK [0][-]{chapter.3}{DALICC}{}% 31
\BOOKMARK [1][-]{section.3.1}{DALICC}{chapter.3}% 32
\BOOKMARK [2][-]{subsection.3.1.1}{DALICC Requirements}{section.3.1}% 33
\BOOKMARK [2][-]{subsection.3.1.2}{DALICC Software Architecture}{section.3.1}% 34
\BOOKMARK [0][-]{chapter.4}{Implementation: DApp}{}% 35
\BOOKMARK [1][-]{section.4.1}{DApp and Ethereum blockchain}{chapter.4}% 36
\BOOKMARK [1][-]{section.4.2}{Project Concepts}{chapter.4}% 37
\BOOKMARK [2][-]{subsection.4.2.1}{Contract and Ontology specification}{section.4.2}% 38
\BOOKMARK [2][-]{subsection.4.2.2}{Technology Usage}{section.4.2}% 39
\BOOKMARK [1][-]{section.4.3}{Project Architecture}{chapter.4}% 40
\BOOKMARK [2][-]{subsection.4.3.1}{Backend}{section.4.3}% 41
\BOOKMARK [2][-]{subsection.4.3.2}{Frontend}{section.4.3}% 42
\BOOKMARK [2][-]{subsection.4.3.3}{DApp Architecture}{section.4.3}% 43
\BOOKMARK [1][-]{section.4.4}{Implementation}{chapter.4}% 44
\BOOKMARK [2][-]{subsection.4.4.1}{smart contract logic}{section.4.4}% 45
\BOOKMARK [2][-]{subsection.4.4.2}{Forntend Workflow}{section.4.4}% 46
\BOOKMARK [0][-]{chapter.5}{Conclusion}{}% 47
\BOOKMARK [0][-]{appendix.A}{Semantic mapping column in web3}{}% 48
\BOOKMARK [0][-]{appendix.B}{RDF triple template in semantic mapping }{}% 49
\BOOKMARK [0][-]{appendix.C}{SPARQL query example}{}% 50
\BOOKMARK [0][-]{appendix.D}{SPARQL query example}{}% 51
\BOOKMARK [0][-]{appendix.E}{Smart contract}{}% 52
\BOOKMARK [0][-]{appendix.F}{Smart contract}{}% 53
\BOOKMARK [0][-]{appendix.G}{Smart contract}{}% 54
\BOOKMARK [0][-]{appendix.H}{result of semantic mapping in RDF format}{}% 55
\BOOKMARK [0][-]{appendix*.34}{Bibliography}{}% 56
