This is pdfTeX, Version 3.14159265-2.6-1.40.18 (TeX Live 2017/Debian) (preloaded format=pdflatex 2019.8.26)  4 NOV 2019 21:29
entering extended mode
 restricted \write18 enabled.
 %&-line parsing enabled.
**ociamthesismain.tex
(./ociamthesismain.tex
LaTeX2e <2017-04-15>
Babel <3.18> and hyphenation patterns for 84 language(s) loaded.
(./ociamthesis.cls
Document Class: ociamthesis 2010/11/22 v2.2 OCIAM thesis class
(/usr/share/texlive/texmf-dist/tex/latex/base/report.cls
Document Class: report 2014/09/29 v1.4h Standard LaTeX document class
(/usr/share/texlive/texmf-dist/tex/latex/base/size12.clo
File: size12.clo 2014/09/29 v1.4h Standard LaTeX file (size option)
)
\c@part=\count79
\c@chapter=\count80
\c@section=\count81
\c@subsection=\count82
\c@subsubsection=\count83
\c@paragraph=\count84
\c@subparagraph=\count85
\c@figure=\count86
\c@table=\count87
\abovecaptionskip=\skip41
\belowcaptionskip=\skip42
\bibindent=\dimen102
)
(/usr/share/texlive/texmf-dist/tex/latex/graphics/graphicx.sty
Package: graphicx 2017/06/01 v1.1a Enhanced LaTeX Graphics (DPC,SPQR)

(/usr/share/texlive/texmf-dist/tex/latex/graphics/keyval.sty
Package: keyval 2014/10/28 v1.15 key=value parser (DPC)
\KV@toks@=\toks14
)
(/usr/share/texlive/texmf-dist/tex/latex/graphics/graphics.sty
Package: graphics 2017/06/25 v1.2c Standard LaTeX Graphics (DPC,SPQR)

(/usr/share/texlive/texmf-dist/tex/latex/graphics/trig.sty
Package: trig 2016/01/03 v1.10 sin cos tan (DPC)
)
(/usr/share/texlive/texmf-dist/tex/latex/graphics-cfg/graphics.cfg
File: graphics.cfg 2016/06/04 v1.11 sample graphics configuration
)
Package graphics Info: Driver file: pdftex.def on input line 99.

(/usr/share/texlive/texmf-dist/tex/latex/graphics-def/pdftex.def
File: pdftex.def 2018/01/08 v1.0l Graphics/color driver for pdftex
))
\Gin@req@height=\dimen103
\Gin@req@width=\dimen104
)
(/usr/share/texlive/texmf-dist/tex/latex/base/ifthen.sty
Package: ifthen 2014/09/29 v1.1c Standard LaTeX ifthen package (DPC)
))
(/usr/share/texlive/texmf-dist/tex/latex/amsfonts/amssymb.sty
Package: amssymb 2013/01/14 v3.01 AMS font symbols

(/usr/share/texlive/texmf-dist/tex/latex/amsfonts/amsfonts.sty
Package: amsfonts 2013/01/14 v3.01 Basic AMSFonts support
\@emptytoks=\toks15
\symAMSa=\mathgroup4
\symAMSb=\mathgroup5
LaTeX Font Info:    Overwriting math alphabet `\mathfrak' in version `bold'
(Font)                  U/euf/m/n --> U/euf/b/n on input line 106.
))
(/usr/share/texlive/texmf-dist/tex/latex/multirow/multirow.sty
Package: multirow 2016/11/25 v2.2 Span multiple rows of a table
\multirow@colwidth=\skip43
\multirow@cntb=\count88
\multirow@dima=\skip44
\bigstrutjot=\dimen105
)
(/usr/share/texlive/texmf-dist/tex/latex/xcolor/xcolor.sty
Package: xcolor 2016/05/11 v2.12 LaTeX color extensions (UK)

(/usr/share/texlive/texmf-dist/tex/latex/graphics-cfg/color.cfg
File: color.cfg 2016/01/02 v1.6 sample color configuration
)
Package xcolor Info: Driver file: pdftex.def on input line 225.
Package xcolor Info: Model `cmy' substituted by `cmy0' on input line 1348.
Package xcolor Info: Model `hsb' substituted by `rgb' on input line 1352.
Package xcolor Info: Model `RGB' extended on input line 1364.
Package xcolor Info: Model `HTML' substituted by `rgb' on input line 1366.
Package xcolor Info: Model `Hsb' substituted by `hsb' on input line 1367.
Package xcolor Info: Model `tHsb' substituted by `hsb' on input line 1368.
Package xcolor Info: Model `HSB' substituted by `hsb' on input line 1369.
Package xcolor Info: Model `Gray' substituted by `gray' on input line 1370.
Package xcolor Info: Model `wave' substituted by `hsb' on input line 1371.
)
(/usr/share/texlive/texmf-dist/tex/latex/enumitem/enumitem.sty
Package: enumitem 2011/09/28 v3.5.2 Customized lists
\labelindent=\skip45
\enit@outerparindent=\dimen106
\enit@toks=\toks16
\enit@inbox=\box26
\enitdp@description=\count89
)
(/usr/share/texlive/texmf-dist/tex/latex/tools/multicol.sty
Package: multicol 2017/04/11 v1.8q multicolumn formatting (FMi)
\c@tracingmulticols=\count90
\mult@box=\box27
\multicol@leftmargin=\dimen107
\c@unbalance=\count91
\c@collectmore=\count92
\doublecol@number=\count93
\multicoltolerance=\count94
\multicolpretolerance=\count95
\full@width=\dimen108
\page@free=\dimen109
\premulticols=\dimen110
\postmulticols=\dimen111
\multicolsep=\skip46
\multicolbaselineskip=\skip47
\partial@page=\box28
\last@line=\box29
\maxbalancingoverflow=\dimen112
\mult@rightbox=\box30
\mult@grightbox=\box31
\mult@gfirstbox=\box32
\mult@firstbox=\box33
\@tempa=\box34
\@tempa=\box35
\@tempa=\box36
\@tempa=\box37
\@tempa=\box38
\@tempa=\box39
\@tempa=\box40
\@tempa=\box41
\@tempa=\box42
\@tempa=\box43
\@tempa=\box44
\@tempa=\box45
\@tempa=\box46
\@tempa=\box47
\@tempa=\box48
\@tempa=\box49
\@tempa=\box50
\c@columnbadness=\count96
\c@finalcolumnbadness=\count97
\last@try=\dimen113
\multicolovershoot=\dimen114
\multicolundershoot=\dimen115
\mult@nat@firstbox=\box51
\colbreak@box=\box52
\mc@col@check@num=\count98
)
(./ociamthesismain.aux (./dedication.aux) (./acknowlegements.aux)
(./abstract.aux) (./chapter1.aux) (./chapter2.aux) (./chapter3.aux)
(./conclusions.aux) (./appendix1.aux) (./appendix2.aux))
\openout1 = `ociamthesismain.aux'.

LaTeX Font Info:    Checking defaults for OML/cmm/m/it on input line 26.
LaTeX Font Info:    ... okay on input line 26.
LaTeX Font Info:    Checking defaults for T1/cmr/m/n on input line 26.
LaTeX Font Info:    ... okay on input line 26.
LaTeX Font Info:    Checking defaults for OT1/cmr/m/n on input line 26.
LaTeX Font Info:    ... okay on input line 26.
LaTeX Font Info:    Checking defaults for OMS/cmsy/m/n on input line 26.
LaTeX Font Info:    ... okay on input line 26.
LaTeX Font Info:    Checking defaults for OMX/cmex/m/n on input line 26.
LaTeX Font Info:    ... okay on input line 26.
LaTeX Font Info:    Checking defaults for U/cmr/m/n on input line 26.
LaTeX Font Info:    ... okay on input line 26.

(/usr/share/texlive/texmf-dist/tex/context/base/mkii/supp-pdf.mkii
[Loading MPS to PDF converter (version 2006.09.02).]
\scratchcounter=\count99
\scratchdimen=\dimen116
\scratchbox=\box53
\nofMPsegments=\count100
\nofMParguments=\count101
\everyMPshowfont=\toks17
\MPscratchCnt=\count102
\MPscratchDim=\dimen117
\MPnumerator=\count103
\makeMPintoPDFobject=\count104
\everyMPtoPDFconversion=\toks18
) (/usr/share/texlive/texmf-dist/tex/latex/oberdiek/epstopdf-base.sty
Package: epstopdf-base 2016/05/15 v2.6 Base part for package epstopdf

(/usr/share/texlive/texmf-dist/tex/generic/oberdiek/infwarerr.sty
Package: infwarerr 2016/05/16 v1.4 Providing info/warning/error messages (HO)
)
(/usr/share/texlive/texmf-dist/tex/latex/oberdiek/grfext.sty
Package: grfext 2016/05/16 v1.2 Manage graphics extensions (HO)

(/usr/share/texlive/texmf-dist/tex/generic/oberdiek/kvdefinekeys.sty
Package: kvdefinekeys 2016/05/16 v1.4 Define keys (HO)

(/usr/share/texlive/texmf-dist/tex/generic/oberdiek/ltxcmds.sty
Package: ltxcmds 2016/05/16 v1.23 LaTeX kernel commands for general use (HO)
)))
(/usr/share/texlive/texmf-dist/tex/latex/oberdiek/kvoptions.sty
Package: kvoptions 2016/05/16 v3.12 Key value format for package options (HO)

(/usr/share/texlive/texmf-dist/tex/generic/oberdiek/kvsetkeys.sty
Package: kvsetkeys 2016/05/16 v1.17 Key value parser (HO)

(/usr/share/texlive/texmf-dist/tex/generic/oberdiek/etexcmds.sty
Package: etexcmds 2016/05/16 v1.6 Avoid name clashes with e-TeX commands (HO)

(/usr/share/texlive/texmf-dist/tex/generic/oberdiek/ifluatex.sty
Package: ifluatex 2016/05/16 v1.4 Provides the ifluatex switch (HO)
Package ifluatex Info: LuaTeX not detected.
)
Package etexcmds Info: Could not find \expanded.
(etexcmds)             That can mean that you are not using pdfTeX 1.50 or
(etexcmds)             that some package has redefined \expanded.
(etexcmds)             In the latter case, load this package earlier.
)))
(/usr/share/texlive/texmf-dist/tex/generic/oberdiek/pdftexcmds.sty
Package: pdftexcmds 2018/01/21 v0.26 Utility functions of pdfTeX for LuaTeX (HO
)

(/usr/share/texlive/texmf-dist/tex/generic/oberdiek/ifpdf.sty
Package: ifpdf 2017/03/15 v3.2 Provides the ifpdf switch
)
Package pdftexcmds Info: LuaTeX not detected.
Package pdftexcmds Info: \pdf@primitive is available.
Package pdftexcmds Info: \pdf@ifprimitive is available.
Package pdftexcmds Info: \pdfdraftmode found.
)
Package epstopdf-base Info: Redefining graphics rule for `.eps' on input line 4
38.
Package grfext Info: Graphics extension search list:
(grfext)             [.pdf,.png,.jpg,.mps,.jpeg,.jbig2,.jb2,.PDF,.PNG,.JPG,.JPE
G,.JBIG2,.JB2,.eps]
(grfext)             \AppendGraphicsExtensions on input line 456.

(/usr/share/texlive/texmf-dist/tex/latex/latexconfig/epstopdf-sys.cfg
File: epstopdf-sys.cfg 2010/07/13 v1.3 Configuration of (r)epstopdf for TeX Liv
e
))
<oxlogo.png, id=1, 151.767pt x 301.125pt>
File: oxlogo.png Graphic file (type png)
<use oxlogo.png>
Package pdftex.def Info: oxlogo.png  used on input line 37.
(pdftex.def)             Requested size: 91.04881pt x 180.65341pt.

[1


] [2{/var/lib/texmf/fonts/map/pdftex/updmap/pdftex.map} <./oxlogo.png (PNG copy
)>]
\openout2 = `dedication.aux'.

 (./dedication.tex [3


])
\openout2 = `acknowlegements.aux'.

 (./acknowlegements.tex [4



])
\openout2 = `abstract.aux'.

 (./abstract.tex
[5



]) (./ociamthesismain.toc
LaTeX Font Info:    Try loading font information for U+msa on input line 2.

(/usr/share/texlive/texmf-dist/tex/latex/amsfonts/umsa.fd
File: umsa.fd 2013/01/14 v3.01 AMS symbols A
)
LaTeX Font Info:    Try loading font information for U+msb on input line 2.

(/usr/share/texlive/texmf-dist/tex/latex/amsfonts/umsb.fd
File: umsb.fd 2013/01/14 v3.01 AMS symbols B
) [1



] [2])
\tf@toc=\write3
\openout3 = `ociamthesismain.toc'.

 [3]
(./ociamthesismain.lof)
\tf@lof=\write4
\openout4 = `ociamthesismain.lof'.

 [4

]
\openout2 = `chapter1.aux'.

 (./chapter1.tex
Chapter 1.
[1



] [2]
Underfull \hbox (badness 10000) in paragraph at lines 36--44

 []

[3] [4]
<images/chap01_BlockChain.png, id=50, 1533.73pt x 574.145pt>
File: images/chap01_BlockChain.png Graphic file (type png)
<use images/chap01_BlockChain.png>
Package pdftex.def Info: images/chap01_BlockChain.png  used on input line 83.
(pdftex.def)             Requested size: 465.05927pt x 174.09334pt.

Overfull \hbox (226.56696pt too wide) in paragraph at lines 83--84
 [][] 
 []

[5 <./images/chap01_BlockChain.png>]
<images/chap01_P2P.png, id=56, 977.6525pt x 593.21625pt>
File: images/chap01_P2P.png Graphic file (type png)
<use images/chap01_P2P.png>
Package pdftex.def Info: images/chap01_P2P.png  used on input line 108.
(pdftex.def)             Requested size: 465.05927pt x 282.18797pt.

Overfull \hbox (226.56696pt too wide) in paragraph at lines 108--109
 [][] 
 []

[6 <./images/chap01_P2P.png>] [7]
<images/chap01_Markler_tree.png, id=64, 960.58875pt x 608.2725pt>
File: images/chap01_Markler_tree.png Graphic file (type png)
<use images/chap01_Markler_tree.png>
Package pdftex.def Info: images/chap01_Markler_tree.png  used on input line 145
.
(pdftex.def)             Requested size: 441.21222pt x 279.39108pt.

Overfull \hbox (202.71991pt too wide) in paragraph at lines 145--146
 [][] 
 []


Underfull \hbox (badness 10000) in paragraph at lines 155--158

 []

[8 <./images/chap01_Markler_tree.png>]
LaTeX Font Info:    Try loading font information for OMS+cmr on input line 159.


(/usr/share/texlive/texmf-dist/tex/latex/base/omscmr.fd
File: omscmr.fd 2014/09/29 v2.5h Standard LaTeX font definitions
)
LaTeX Font Info:    Font shape `OMS/cmr/m/n' in size <12> not available
(Font)              Font shape `OMS/cmsy/m/n' tried instead on input line 159.

Underfull \hbox (badness 10000) in paragraph at lines 162--163

 []


Overfull \hbox (19.24638pt too wide) in paragraph at lines 167--178
 [] 
 []

[9]
Underfull \hbox (badness 10000) in paragraph at lines 197--199

 []

[10]
Underfull \hbox (badness 10000) in paragraph at lines 209--210

 []


Overfull \hbox (8.64714pt too wide) in paragraph at lines 219--219
[]|\OT1/cmr/m/n/12 Blockchain|  
 []


Underfull \hbox (badness 10000) in paragraph at lines 224--228

 []

LaTeX Font Info:    Try loading font information for OMS+cmtt on input line 229
.
LaTeX Font Info:    No file OMScmtt.fd. on input line 229.

LaTeX Font Warning: Font shape `OMS/cmtt/m/n' undefined
(Font)              using `OMS/cmsy/m/n' instead
(Font)              for symbol `textbraceleft' on input line 229.


Underfull \hbox (badness 10000) in paragraph at lines 229--239

 []

[11]
Underfull \hbox (badness 10000) in paragraph at lines 240--246

 []

) [12]
\openout2 = `chapter2.aux'.

 (./chapter2.tex
Chapter 2.

Overfull \hbox (4.79861pt too wide) in paragraph at lines 5--17
\OT1/cmr/m/n/12 [p1431] Dis-tributed ledger based on blockchain do not have cen
-tral con-trol. Blockchains
 []

[13



]
<images/chap02_diagram_ontology.png, id=89, 1059.96pt x 951.555pt>
File: images/chap02_diagram_ontology.png Graphic file (type png)
<use images/chap02_diagram_ontology.png>
Package pdftex.def Info: images/chap02_diagram_ontology.png  used on input line
 35.
(pdftex.def)             Requested size: 393.51085pt x 353.26044pt.

Overfull \hbox (155.01854pt too wide) in paragraph at lines 35--36
 [][] 
 []

[14]
Underfull \hbox (badness 10000) in paragraph at lines 48--52

 []

[15 <./images/chap02_diagram_ontology.png>]
Underfull \hbox (badness 10000) in paragraph at lines 64--65

 []

Missing character: There is no ‚ in font cmr12!
Missing character: There is no Ä in font cmr12!
Missing character: There is no ô in font cmr12!

Underfull \hbox (badness 10000) in paragraph at lines 66--72

 []


Underfull \hbox (badness 10000) in paragraph at lines 66--72

 []


Underfull \hbox (badness 10000) in paragraph at lines 66--72

 []


Underfull \hbox (badness 10000) in paragraph at lines 66--72

 []


Underfull \hbox (badness 10000) in paragraph at lines 66--72

 []

<images/chap01_EthOn.png, id=97, 1839.87375pt x 1193.45876pt>
File: images/chap01_EthOn.png Graphic file (type png)
<use images/chap01_EthOn.png>
Package pdftex.def Info: images/chap01_EthOn.png  used on input line 79.
(pdftex.def)             Requested size: 441.21222pt x 286.1992pt.

Overfull \hbox (202.71991pt too wide) in paragraph at lines 79--80
 [][] 
 []

<images/chap02_EthOn_Properties.png, id=98, 1102.1175pt x 1048.91875pt>
File: images/chap02_EthOn_Properties.png Graphic file (type png)
<use images/chap02_EthOn_Properties.png>
Package pdftex.def Info: images/chap02_EthOn_Properties.png  used on input line
 89.
(pdftex.def)             Requested size: 393.51085pt x 374.52145pt.

Overfull \hbox (155.01854pt too wide) in paragraph at lines 89--90
 [][] 
 []

[16]
<images/chap02_BLONDiE.png, id=103, 1128.215pt x 711.65875pt>
File: images/chap02_BLONDiE.png Graphic file (type png)
<use images/chap02_BLONDiE.png>
Package pdftex.def Info: images/chap02_BLONDiE.png  used on input line 107.
(pdftex.def)             Requested size: 465.05927pt x 293.35654pt.

Overfull \hbox (226.56696pt too wide) in paragraph at lines 107--108
 [][] 
 []

Missing character: There is no ‚ in font cmr12!
Missing character: There is no Ä in font cmr12!
Missing character: There is no ú in font cmr12!
Missing character: There is no ‚ in font cmr12!
Missing character: There is no Ä in font cmr12!
Missing character: There is no ù in font cmr12!
Missing character: There is no ‚ in font cmr12!
Missing character: There is no Ä in font cmr12!
Missing character: There is no ú in font cmr12!
Missing character: There is no ‚ in font cmr12!
Missing character: There is no Ä in font cmr12!
Missing character: There is no ù in font cmr12!
Missing character: There is no ‚ in font cmr12!
Missing character: There is no Ä in font cmr12!
Missing character: There is no ú in font cmr12!
Missing character: There is no ‚ in font cmr12!
Missing character: There is no Ä in font cmr12!
Missing character: There is no ù in font cmr12!
Missing character: There is no ‚ in font cmr12!
Missing character: There is no Ä in font cmr12!
Missing character: There is no ú in font cmr12!
Missing character: There is no ‚ in font cmr12!
Missing character: There is no Ä in font cmr12!
Missing character: There is no ù in font cmr12!
[17 <./images/chap01_EthOn.png>] [18 <./images/chap02_EthOn_Properties.png>]
<images/chap02_LinkData.png, id=112, 1150.2975pt x 1098.1025pt>
File: images/chap02_LinkData.png Graphic file (type png)
<use images/chap02_LinkData.png>
Package pdftex.def Info: images/chap02_LinkData.png  used on input line 164.
(pdftex.def)             Requested size: 465.05927pt x 443.95831pt.

Overfull \hbox (226.56696pt too wide) in paragraph at lines 164--165
 [][] 
 []

[19 <./images/chap02_BLONDiE.png>] [20 <./images/chap02_LinkData.png>]
<images/chap02_Eth_str.png, id=121, 2165.08875pt x 998.73125pt>
File: images/chap02_Eth_str.png Graphic file (type png)
<use images/chap02_Eth_str.png>
Package pdftex.def Info: images/chap02_Eth_str.png  used on input line 198.
(pdftex.def)             Requested size: 465.05927pt x 214.52492pt.

Overfull \hbox (226.56696pt too wide) in paragraph at lines 198--199
 [][] 
 []

<images/chap02_Eth_Table.png, id=122, 1614.03pt x 655.44875pt>
File: images/chap02_Eth_Table.png Graphic file (type png)
<use images/chap02_Eth_Table.png>
Package pdftex.def Info: images/chap02_Eth_Table.png  used on input line 210.
(pdftex.def)             Requested size: 465.05927pt x 188.8551pt.

Overfull \hbox (226.56696pt too wide) in paragraph at lines 210--211
 [][] 
 []

[21 <./images/chap02_Eth_str.png>] [22 <./images/chap02_Eth_Table.png>]
<images/chap02_SmartContract_ABI.png, id=132, 955.57pt x 515.9275pt>
File: images/chap02_SmartContract_ABI.png Graphic file (type png)
<use images/chap02_SmartContract_ABI.png>
Package pdftex.def Info: images/chap02_SmartContract_ABI.png  used on input lin
e 248.
(pdftex.def)             Requested size: 465.05927pt x 251.0905pt.

Overfull \hbox (226.56696pt too wide) in paragraph at lines 248--249
 [][] 
 []

[23 <./images/chap02_SmartContract_ABI.png>]
<images/chap02_MSM.png, id=137, 1521.685pt x 906.38625pt>
File: images/chap02_MSM.png Graphic file (type png)
<use images/chap02_MSM.png>
Package pdftex.def Info: images/chap02_MSM.png  used on input line 275.
(pdftex.def)             Requested size: 465.05927pt x 277.00752pt.

Overfull \hbox (226.56696pt too wide) in paragraph at lines 275--276
 [][] 
 []


Overfull \hbox (9.59671pt too wide) in paragraph at lines 287--302
 [] 
 []

[24]
Missing character: There is no ‚ in font cmr12!
Missing character: There is no Ä in font cmr12!
Missing character: There is no ú in font cmr12!
Missing character: There is no ‚ in font cmr12!
Missing character: There is no Ä in font cmr12!
Missing character: There is no ù in font cmr12!
 [25 <./images/chap02_MSM.png>]
Missing character: There is no ‚ in font cmr12!
Missing character: There is no Ä in font cmr12!
Missing character: There is no ú in font cmr12!
Missing character: There is no ‚ in font cmr12!
Missing character: There is no Ä in font cmr12!
Missing character: There is no ù in font cmr12!
Missing character: There is no ‚ in font cmr12!
Missing character: There is no Ä in font cmr12!
Missing character: There is no ú in font cmr12!
Missing character: There is no ‚ in font cmr12!
Missing character: There is no Ä in font cmr12!
Missing character: There is no ù in font cmr12!
 [26]
Overfull \hbox (3.11774pt too wide) in paragraph at lines 371--371
[]\OT1/cmr/bx/n/17.28 Retrieve In-for-ma-tion form se-man-tic blockchain 
 []

<images/chap02_PeerBlockchain.png, id=148, 1499.6025pt x 464.73625pt>
File: images/chap02_PeerBlockchain.png Graphic file (type png)
<use images/chap02_PeerBlockchain.png>
Package pdftex.def Info: images/chap02_PeerBlockchain.png  used on input line 3
87.
(pdftex.def)             Requested size: 465.05927pt x 144.12347pt.

Overfull \hbox (226.56696pt too wide) in paragraph at lines 387--388
 [][] 
 []

[27 <./images/chap02_PeerBlockchain.png>]
Underfull \hbox (badness 10000) in paragraph at lines 405--410

 []

[28]
<images/chap02_Domain_EthOn.png, id=157, 812.03375pt x 498.86375pt>
File: images/chap02_Domain_EthOn.png Graphic file (type png)
<use images/chap02_Domain_EthOn.png>
Package pdftex.def Info: images/chap02_Domain_EthOn.png  used on input line 429
.
(pdftex.def)             Requested size: 465.05927pt x 285.70262pt.

Overfull \hbox (226.56696pt too wide) in paragraph at lines 429--430
 [][] 
 []


Underfull \hbox (badness 10000) in paragraph at lines 437--439

 []

<images/chap02_SmartContract.png, id=158, 765.86125pt x 465.74pt>
File: images/chap02_SmartContract.png Graphic file (type png)
<use images/chap02_SmartContract.png>
Package pdftex.def Info: images/chap02_SmartContract.png  used on input line 44
6.
(pdftex.def)             Requested size: 369.6638pt x 224.80342pt.

Overfull \hbox (131.1715pt too wide) in paragraph at lines 446--447
 [][] 
 []

[29 <./images/chap02_Domain_EthOn.png>]
<images/chap02_OWL.png, id=163, 894.34125pt x 318.18875pt>
File: images/chap02_OWL.png Graphic file (type png)
<use images/chap02_OWL.png>
Package pdftex.def Info: images/chap02_OWL.png  used on input line 459.
(pdftex.def)             Requested size: 465.05927pt x 165.45909pt.

Overfull \hbox (226.56696pt too wide) in paragraph at lines 459--460
 [][] 
 []


Underfull \hbox (badness 10000) in paragraph at lines 466--477

 []

[30 <./images/chap02_SmartContract.png> <./images/chap02_OWL.png>]
<images/chap01_SemanticBlockChain.png, id=169, 1327.96124pt x 645.41125pt>
File: images/chap01_SemanticBlockChain.png Graphic file (type png)
<use images/chap01_SemanticBlockChain.png>
Package pdftex.def Info: images/chap01_SemanticBlockChain.png  used on input li
ne 486.
(pdftex.def)             Requested size: 465.05927pt x 226.02534pt.

Overfull \hbox (226.56696pt too wide) in paragraph at lines 486--487
 [][] 
 []

[31] [32 <./images/chap01_SemanticBlockChain.png>]
Underfull \hbox (badness 10000) in paragraph at lines 522--524

 []

Missing character: There is no ‚ in font cmr12!
Missing character: There is no Ä in font cmr12!
Missing character: There is no ù in font cmr12!
Missing character: There is no ‚ in font cmr12!
Missing character: There is no Ä in font cmr12!
Missing character: There is no ù in font cmr12!
[33]
<images/chap02_EthOn.jpg, id=182, 937.5025pt x 827.09pt>
File: images/chap02_EthOn.jpg Graphic file (type jpg)
<use images/chap02_EthOn.jpg>
Package pdftex.def Info: images/chap02_EthOn.jpg  used on input line 535.
(pdftex.def)             Requested size: 393.51085pt x 347.16087pt.

Overfull \hbox (155.01854pt too wide) in paragraph at lines 535--536
 [][] 
 []

[34]
<images/chap02_BC_Tec_Stack.jpg, id=187, 1525.7pt x 1014.79124pt>
File: images/chap02_BC_Tec_Stack.jpg Graphic file (type jpg)
<use images/chap02_BC_Tec_Stack.jpg>
Package pdftex.def Info: images/chap02_BC_Tec_Stack.jpg  used on input line 554
.
(pdftex.def)             Requested size: 465.05927pt x 309.31732pt.

Overfull \hbox (226.56696pt too wide) in paragraph at lines 554--555
 [][] 
 []


Overfull \hbox (23.19568pt too wide) in paragraph at lines 566--566
[]\OT1/cmr/bx/n/17.28 TemporalGraphsontheEthereumDistributedLedg 
 []

Missing character: There is no ‚ in font cmr12!
Missing character: There is no Ä in font cmr12!
Missing character: There is no ì in font cmr12!
Missing character: There is no ‚ in font cmr12!
Missing character: There is no Ä in font cmr12!
Missing character: There is no ì in font cmr12!
Missing character: There is no ‚ in font cmr12!
Missing character: There is no Ä in font cmr12!
Missing character: There is no ì in font cmr12!
Missing character: There is no ‚ in font cmr12!
Missing character: There is no Ä in font cmr12!
Missing character: There is no ú in font cmr12!
Missing character: There is no ‚ in font cmr12!
Missing character: There is no Ä in font cmr12!
Missing character: There is no ù in font cmr12!
Missing character: There is no ‚ in font cmr12!
Missing character: There is no Ä in font cmr12!
Missing character: There is no ú in font cmr12!
Missing character: There is no ‚ in font cmr12!
Missing character: There is no Ä in font cmr12!
Missing character: There is no ù in font cmr12!
[35 <./images/chap02_EthOn.jpg>] [36 <./images/chap02_BC_Tec_Stack.jpg>]
Missing character: There is no ‚ in font cmr12!
Missing character: There is no Ä in font cmr12!
Missing character: There is no ì in font cmr12!
Missing character: There is no ‚ in font cmr12!
Missing character: There is no Ä in font cmr12!
Missing character: There is no ì in font cmr12!
Missing character: There is no ‚ in font cmr12!
Missing character: There is no Ä in font cmr12!
Missing character: There is no ú in font cmr12!
Missing character: There is no ‚ in font cmr12!
Missing character: There is no Ä in font cmr12!
Missing character: There is no ù in font cmr12!

[37]
Missing character: There is no ‚ in font cmr12!
Missing character: There is no Ä in font cmr12!
Missing character: There is no ô in font cmr12!
 [38]
Missing character: There is no ‚ in font cmr12!
Missing character: There is no Ä in font cmr12!
Missing character: There is no ì in font cmr12!
Missing character: There is no ‚ in font cmr12!
Missing character: There is no Ä in font cmr12!
Missing character: There is no ì in font cmr12!
Missing character: There is no ‚ in font cmr12!
Missing character: There is no Ä in font cmr12!
Missing character: There is no ì in font cmr12!
Missing character: There is no ‚ in font cmr12!
Missing character: There is no Ä in font cmr12!
Missing character: There is no ú in font cmr12!
Missing character: There is no ‚ in font cmr12!
Missing character: There is no Ä in font cmr12!
Missing character: There is no ù in font cmr12!
Missing character: There is no ‚ in font cmr12!
Missing character: There is no Ä in font cmr12!
Missing character: There is no ú in font cmr12!
Missing character: There is no ‚ in font cmr12!
Missing character: There is no Ä in font cmr12!
Missing character: There is no ù in font cmr12!
Missing character: There is no ‚ in font cmr12!
Missing character: There is no Ä in font cmr12!
Missing character: There is no ì in font cmr12!
Missing character: There is no ‚ in font cmr12!
Missing character: There is no Ä in font cmr12!
Missing character: There is no ì in font cmr12!
Missing character: There is no ‚ in font cmr12!
Missing character: There is no Ä in font cmr12!
Missing character: There is no ú in font cmr12!
Missing character: There is no ‚ in font cmr12!
Missing character: There is no Ä in font cmr12!
Missing character: There is no ù in font cmr12!
 [39] [40]) [41]
\openout2 = `chapter3.aux'.

 (./chapter3.tex
Chapter 3.
) [42



]
\openout2 = `conclusions.aux'.

 (./conclusions.tex
Chapter 4.
) [43



]
\openout2 = `appendix1.aux'.

 (./appendix1.tex
Appendix A.
) [44



]
\openout2 = `appendix2.aux'.

 (./appendix2.tex
Appendix B.
) [45



] (./ociamthesismain.bbl) [46


] (./ociamthesismain.aux (./dedication.aux)
(./acknowlegements.aux) (./abstract.aux) (./chapter1.aux) (./chapter2.aux)
(./chapter3.aux) (./conclusions.aux) (./appendix1.aux) (./appendix2.aux))

LaTeX Font Warning: Some font shapes were not available, defaults substituted.

 )
(\end occurred inside a group at level 6)

### simple group (level 6) entered at line 620 ({)
### simple group (level 5) entered at line 620 ({)
### simple group (level 4) entered at line 609 ({)
### simple group (level 3) entered at line 590 ({)
### simple group (level 2) entered at line 589 ({)
### simple group (level 1) entered at line 586 ({)
### bottom level 
Here is how much of TeX's memory you used:
 2971 strings out of 492982
 42365 string characters out of 6134896
 111042 words of memory out of 5000000
 6403 multiletter control sequences out of 15000+600000
 11879 words of font info for 44 fonts, out of 8000000 for 9000
 1141 hyphenation exceptions out of 8191
 41i,8n,35p,2833b,338s stack positions out of 5000i,500n,10000p,200000b,80000s
</usr/share/texlive/texmf-dist/fonts/type1/public/amsfonts/cm/c
mbx10.pfb></usr/share/texlive/texmf-dist/fonts/type1/public/amsfonts/cm/cmbx12.
pfb></usr/share/texlive/texmf-dist/fonts/type1/public/amsfonts/cm/cmex10.pfb></
usr/share/texlive/texmf-dist/fonts/type1/public/amsfonts/cm/cmmi12.pfb></usr/sh
are/texlive/texmf-dist/fonts/type1/public/amsfonts/cm/cmmi8.pfb></usr/share/tex
live/texmf-dist/fonts/type1/public/amsfonts/cm/cmr12.pfb></usr/share/texlive/te
xmf-dist/fonts/type1/public/amsfonts/cm/cmr17.pfb></usr/share/texlive/texmf-dis
t/fonts/type1/public/amsfonts/cm/cmr8.pfb></usr/share/texlive/texmf-dist/fonts/
type1/public/amsfonts/cm/cmsy10.pfb></usr/share/texlive/texmf-dist/fonts/type1/
public/amsfonts/cm/cmti12.pfb></usr/share/texlive/texmf-dist/fonts/type1/public
/amsfonts/cm/cmtt12.pfb>
Output written on ociamthesismain.pdf (55 pages, 4221872 bytes).
PDF statistics:
 265 PDF objects out of 1000 (max. 8388607)
 158 compressed objects within 2 object streams
 0 named destinations out of 1000 (max. 500000)
 101 words of extra memory for PDF output out of 10000 (max. 10000000)

