\BOOKMARK [1][-]{section.0.1}{Introduction}{}% 1
\BOOKMARK [0][-]{chapter.1}{Smart Contract and Distributed Ledger Technology}{}% 2
\BOOKMARK [1][-]{section.1.1}{Ledger}{chapter.1}% 3
\BOOKMARK [2][-]{subsection.1.1.1}{Distributed Vs. Undistributed }{section.1.1}% 4
\BOOKMARK [1][-]{section.1.2}{Distributed Ledger Technology\(DLT\)}{chapter.1}% 5
\BOOKMARK [1][-]{section.1.3}{Blockchain}{chapter.1}% 6
\BOOKMARK [2][-]{subsection.1.3.1}{Advantage Of Blockchain}{section.1.3}% 7
\BOOKMARK [2][-]{subsection.1.3.2}{Limitation of Blockchain}{section.1.3}% 8
\BOOKMARK [2][-]{subsection.1.3.3}{Type of Blockchian}{section.1.3}% 9
\BOOKMARK [2][-]{subsection.1.3.4}{Mining}{section.1.3}% 10
\BOOKMARK [2][-]{subsection.1.3.5}{Mining Pool}{section.1.3}% 11
\BOOKMARK [2][-]{subsection.1.3.6}{Ether}{section.1.3}% 12
\BOOKMARK [2][-]{subsection.1.3.7}{Merkler Tree}{section.1.3}% 13
\BOOKMARK [2][-]{subsection.1.3.8}{Hash Function}{section.1.3}% 14
\BOOKMARK [2][-]{subsection.1.3.9}{Blocks}{section.1.3}% 15
\BOOKMARK [2][-]{subsection.1.3.10}{Header}{section.1.3}% 16
\BOOKMARK [2][-]{subsection.1.3.11}{Nonce}{section.1.3}% 17
\BOOKMARK [2][-]{subsection.1.3.12}{Merkler Root}{section.1.3}% 18
\BOOKMARK [2][-]{subsection.1.3.13}{Transaction}{section.1.3}% 19
\BOOKMARK [2][-]{subsection.1.3.14}{Consensus Algorithm}{section.1.3}% 20
\BOOKMARK [3][-]{subsubsection.1.3.14.1}{Proof Of Stack}{subsection.1.3.14}% 21
\BOOKMARK [3][-]{subsubsection.1.3.14.2}{Proof Of Work\(POW\)}{subsection.1.3.14}% 22
\BOOKMARK [1][-]{section.1.4}{Bitcoin}{chapter.1}% 23
\BOOKMARK [1][-]{section.1.5}{Ethereum}{chapter.1}% 24
\BOOKMARK [2][-]{subsection.1.5.1}{Gas}{section.1.5}% 25
\BOOKMARK [2][-]{subsection.1.5.2}{Account}{section.1.5}% 26
\BOOKMARK [2][-]{subsection.1.5.3}{Message}{section.1.5}% 27
\BOOKMARK [2][-]{subsection.1.5.4}{Ethereumt Virtual Machine\(EVM\)}{section.1.5}% 28
\BOOKMARK [2][-]{subsection.1.5.5}{Solidity}{section.1.5}% 29
\BOOKMARK [1][-]{section.1.6}{smart contract}{chapter.1}% 30
\BOOKMARK [2][-]{subsection.1.6.1}{Security in Smart contract}{section.1.6}% 31
\BOOKMARK [2][-]{subsection.1.6.2}{Vulnerabilities in Ethereum Smart Contracts}{section.1.6}% 32
\BOOKMARK [0][-]{chapter.2}{Blockchain as the infrastructure of semantic web}{}% 33
\BOOKMARK [1][-]{section.2.1}{Distributed ledgers and indexing}{chapter.2}% 34
\BOOKMARK [2][-]{subsection.2.1.1}{Why do we use ontology for Blockchain?}{section.2.1}% 35
\BOOKMARK [2][-]{subsection.2.1.2}{Linked Data}{section.2.1}% 36
\BOOKMARK [2][-]{subsection.2.1.3}{RDF}{section.2.1}% 37
\BOOKMARK [2][-]{subsection.2.1.4}{SPARQL}{section.2.1}% 38
\BOOKMARK [2][-]{subsection.2.1.5}{Ontology Web Language }{section.2.1}% 39
\BOOKMARK [1][-]{section.2.2}{Vocabularies}{chapter.2}% 40
\BOOKMARK [2][-]{subsection.2.2.1}{Vocabulary in Distributed Ledger}{section.2.2}% 41
\BOOKMARK [2][-]{subsection.2.2.2}{Vocabulary in Smart Contracts}{section.2.2}% 42
\BOOKMARK [2][-]{subsection.2.2.3}{Ontology-based smart contract}{section.2.2}% 43
\BOOKMARK [2][-]{subsection.2.2.4}{Decentralized Storage and RDF}{section.2.2}% 44
\BOOKMARK [2][-]{subsection.2.2.5}{Semantic Blockchain}{section.2.2}% 45
\BOOKMARK [2][-]{subsection.2.2.6}{semantify Blockchain process}{section.2.2}% 46
\BOOKMARK [2][-]{subsection.2.2.7}{Semantic Ontology Mapping}{section.2.2}% 47
\BOOKMARK [2][-]{subsection.2.2.8}{Minimal Service Model}{section.2.2}% 48
\BOOKMARK [2][-]{subsection.2.2.9}{Web 3.0}{section.2.2}% 49
\BOOKMARK [1][-]{section.2.3}{Retrieve Information form semantic blockchain}{chapter.2}% 50
\BOOKMARK [2][-]{subsection.2.3.1}{Semantic Blockchain Architecture}{section.2.3}% 51
\BOOKMARK [2][-]{subsection.2.3.2}{Making smarter Contract: Putting Semantic in Consensus Protocol}{section.2.3}% 52
\BOOKMARK [2][-]{subsection.2.3.3}{Indexng of Smart Contract}{section.2.3}% 53
\BOOKMARK [2][-]{subsection.2.3.4}{EthOn}{section.2.3}% 54
\BOOKMARK [0][-]{chapter.3}{Use Case: Supply Chain Management}{}% 55
\BOOKMARK [1][-]{section.3.1}{Supply chain management}{chapter.3}% 56
\BOOKMARK [1][-]{section.3.2}{How to improve SCM applying blockchain? }{chapter.3}% 57
\BOOKMARK [2][-]{subsection.3.2.1}{Blockchain operation in supply chain management}{section.3.2}% 58
\BOOKMARK [2][-]{subsection.3.2.2}{Analysis of supply chain ontology models}{section.3.2}% 59
\BOOKMARK [1][-]{section.3.3}{How smart contract improve supply chain}{chapter.3}% 60
\BOOKMARK [1][-]{section.3.4}{How smart contract works?}{chapter.3}% 61
\BOOKMARK [1][-]{section.3.5}{Addressing supply chain using smart contract: }{chapter.3}% 62
\BOOKMARK [1][-]{section.3.6}{Concept of supply chain }{chapter.3}% 63
\BOOKMARK [1][-]{section.3.7}{Challenges encountered in Supply chain}{chapter.3}% 64
\BOOKMARK [1][-]{section.3.8}{How to improve challenges using smart contract?}{chapter.3}% 65
\BOOKMARK [2][-]{subsection.3.8.1}{proof of concept development }{section.3.8}% 66
\BOOKMARK [2][-]{subsection.3.8.2}{Smart contract Validation}{section.3.8}% 67
\BOOKMARK [1][-]{section.3.9}{Semantic Blockchain development Implementation}{chapter.3}% 68
\BOOKMARK [2][-]{subsection.3.9.1}{Proof of concept}{section.3.9}% 69
\BOOKMARK [0][-]{chapter.4}{Conclusion}{}% 70
\BOOKMARK [0][-]{appendix.A}{Smart Contract code in solidity}{}% 71
\BOOKMARK [0][-]{appendix.B}{Tripleize application}{}% 72
\BOOKMARK [0][-]{appendix*.30}{Bibliography}{}% 73
