This is pdfTeX, Version 3.14159265-2.6-1.40.18 (TeX Live 2017/Debian) (preloaded format=pdflatex 2019.8.26)  21 JUN 2020 22:45
entering extended mode
 restricted \write18 enabled.
 %&-line parsing enabled.
**Smart_Contract.tex
(./Smart_Contract.tex
LaTeX2e <2017-04-15>
Babel <3.18> and hyphenation patterns for 84 language(s) loaded.
(./ociamthesis.cls
Document Class: ociamthesis 2010/11/22 v2.2 OCIAM thesis class
(/usr/share/texlive/texmf-dist/tex/latex/base/report.cls
Document Class: report 2014/09/29 v1.4h Standard LaTeX document class
(/usr/share/texlive/texmf-dist/tex/latex/base/size11.clo
File: size11.clo 2014/09/29 v1.4h Standard LaTeX file (size option)
)
\c@part=\count79
\c@chapter=\count80
\c@section=\count81
\c@subsection=\count82
\c@subsubsection=\count83
\c@paragraph=\count84
\c@subparagraph=\count85
\c@figure=\count86
\c@table=\count87
\abovecaptionskip=\skip41
\belowcaptionskip=\skip42
\bibindent=\dimen102
)
(/usr/share/texlive/texmf-dist/tex/latex/graphics/graphicx.sty
Package: graphicx 2017/06/01 v1.1a Enhanced LaTeX Graphics (DPC,SPQR)

(/usr/share/texlive/texmf-dist/tex/latex/graphics/keyval.sty
Package: keyval 2014/10/28 v1.15 key=value parser (DPC)
\KV@toks@=\toks14
)
(/usr/share/texlive/texmf-dist/tex/latex/graphics/graphics.sty
Package: graphics 2017/06/25 v1.2c Standard LaTeX Graphics (DPC,SPQR)

(/usr/share/texlive/texmf-dist/tex/latex/graphics/trig.sty
Package: trig 2016/01/03 v1.10 sin cos tan (DPC)
)
(/usr/share/texlive/texmf-dist/tex/latex/graphics-cfg/graphics.cfg
File: graphics.cfg 2016/06/04 v1.11 sample graphics configuration
)
Package graphics Info: Driver file: pdftex.def on input line 99.

(/usr/share/texlive/texmf-dist/tex/latex/graphics-def/pdftex.def
File: pdftex.def 2018/01/08 v1.0l Graphics/color driver for pdftex
))
\Gin@req@height=\dimen103
\Gin@req@width=\dimen104
)
(/usr/share/texlive/texmf-dist/tex/latex/base/ifthen.sty
Package: ifthen 2014/09/29 v1.1c Standard LaTeX ifthen package (DPC)
))
(/usr/share/texmf/tex/latex/lm/lmodern.sty
Package: lmodern 2009/10/30 v1.6 Latin Modern Fonts
LaTeX Font Info:    Overwriting symbol font `operators' in version `normal'
(Font)                  OT1/cmr/m/n --> OT1/lmr/m/n on input line 22.
LaTeX Font Info:    Overwriting symbol font `letters' in version `normal'
(Font)                  OML/cmm/m/it --> OML/lmm/m/it on input line 23.
LaTeX Font Info:    Overwriting symbol font `symbols' in version `normal'
(Font)                  OMS/cmsy/m/n --> OMS/lmsy/m/n on input line 24.
LaTeX Font Info:    Overwriting symbol font `largesymbols' in version `normal'
(Font)                  OMX/cmex/m/n --> OMX/lmex/m/n on input line 25.
LaTeX Font Info:    Overwriting symbol font `operators' in version `bold'
(Font)                  OT1/cmr/bx/n --> OT1/lmr/bx/n on input line 26.
LaTeX Font Info:    Overwriting symbol font `letters' in version `bold'
(Font)                  OML/cmm/b/it --> OML/lmm/b/it on input line 27.
LaTeX Font Info:    Overwriting symbol font `symbols' in version `bold'
(Font)                  OMS/cmsy/b/n --> OMS/lmsy/b/n on input line 28.
LaTeX Font Info:    Overwriting symbol font `largesymbols' in version `bold'
(Font)                  OMX/cmex/m/n --> OMX/lmex/m/n on input line 29.
LaTeX Font Info:    Overwriting math alphabet `\mathbf' in version `normal'
(Font)                  OT1/cmr/bx/n --> OT1/lmr/bx/n on input line 31.
LaTeX Font Info:    Overwriting math alphabet `\mathsf' in version `normal'
(Font)                  OT1/cmss/m/n --> OT1/lmss/m/n on input line 32.
LaTeX Font Info:    Overwriting math alphabet `\mathit' in version `normal'
(Font)                  OT1/cmr/m/it --> OT1/lmr/m/it on input line 33.
LaTeX Font Info:    Overwriting math alphabet `\mathtt' in version `normal'
(Font)                  OT1/cmtt/m/n --> OT1/lmtt/m/n on input line 34.
LaTeX Font Info:    Overwriting math alphabet `\mathbf' in version `bold'
(Font)                  OT1/cmr/bx/n --> OT1/lmr/bx/n on input line 35.
LaTeX Font Info:    Overwriting math alphabet `\mathsf' in version `bold'
(Font)                  OT1/cmss/bx/n --> OT1/lmss/bx/n on input line 36.
LaTeX Font Info:    Overwriting math alphabet `\mathit' in version `bold'
(Font)                  OT1/cmr/bx/it --> OT1/lmr/bx/it on input line 37.
LaTeX Font Info:    Overwriting math alphabet `\mathtt' in version `bold'
(Font)                  OT1/cmtt/m/n --> OT1/lmtt/m/n on input line 38.
)
(/usr/share/texmf/tex/latex/tex-gyre/tgcursor.sty
Package: tgcursor 2009/09/10 v1.2 TeX Gyre Cursor as default typewriter family

(/usr/share/texlive/texmf-dist/tex/latex/oberdiek/kvoptions.sty
Package: kvoptions 2016/05/16 v3.12 Key value format for package options (HO)

(/usr/share/texlive/texmf-dist/tex/generic/oberdiek/ltxcmds.sty
Package: ltxcmds 2016/05/16 v1.23 LaTeX kernel commands for general use (HO)
)
(/usr/share/texlive/texmf-dist/tex/generic/oberdiek/kvsetkeys.sty
Package: kvsetkeys 2016/05/16 v1.17 Key value parser (HO)

(/usr/share/texlive/texmf-dist/tex/generic/oberdiek/infwarerr.sty
Package: infwarerr 2016/05/16 v1.4 Providing info/warning/error messages (HO)
)
(/usr/share/texlive/texmf-dist/tex/generic/oberdiek/etexcmds.sty
Package: etexcmds 2016/05/16 v1.6 Avoid name clashes with e-TeX commands (HO)

(/usr/share/texlive/texmf-dist/tex/generic/oberdiek/ifluatex.sty
Package: ifluatex 2016/05/16 v1.4 Provides the ifluatex switch (HO)
Package ifluatex Info: LuaTeX not detected.
)
Package etexcmds Info: Could not find \expanded.
(etexcmds)             That can mean that you are not using pdfTeX 1.50 or
(etexcmds)             that some package has redefined \expanded.
(etexcmds)             In the latter case, load this package earlier.
))))
(/usr/share/texlive/texmf-dist/tex/latex/listings/listings.sty
\lst@mode=\count88
\lst@gtempboxa=\box26
\lst@token=\toks15
\lst@length=\count89
\lst@currlwidth=\dimen105
\lst@column=\count90
\lst@pos=\count91
\lst@lostspace=\dimen106
\lst@width=\dimen107
\lst@newlines=\count92
\lst@lineno=\count93
\lst@maxwidth=\dimen108

(/usr/share/texlive/texmf-dist/tex/latex/listings/lstmisc.sty
File: lstmisc.sty 2015/06/04 1.6 (Carsten Heinz)
\c@lstnumber=\count94
\lst@skipnumbers=\count95
\lst@framebox=\box27
)
(/usr/share/texlive/texmf-dist/tex/latex/listings/listings.cfg
File: listings.cfg 2015/06/04 1.6 listings configuration
))
Package: listings 2015/06/04 1.6 (Carsten Heinz)

(/usr/share/texlive/texmf-dist/tex/latex/wrapfig/wrapfig.sty
\wrapoverhang=\dimen109
\WF@size=\dimen110
\c@WF@wrappedlines=\count96
\WF@box=\box28
\WF@everypar=\toks16
Package: wrapfig 2003/01/31  v 3.6
)
(/usr/share/texlive/texmf-dist/tex/latex/lipsum/lipsum.sty
Package: lipsum 2014/07/27 v1.3 150 paragraphs of Lorem Ipsum dummy text
\c@lips@count=\count97
)
(/usr/share/texlive/texmf-dist/tex/latex/hyperref/hyperref.sty
Package: hyperref 2018/02/06 v6.86b Hypertext links for LaTeX

(/usr/share/texlive/texmf-dist/tex/generic/oberdiek/hobsub-hyperref.sty
Package: hobsub-hyperref 2016/05/16 v1.14 Bundle oberdiek, subset hyperref (HO)


(/usr/share/texlive/texmf-dist/tex/generic/oberdiek/hobsub-generic.sty
Package: hobsub-generic 2016/05/16 v1.14 Bundle oberdiek, subset generic (HO)
Package: hobsub 2016/05/16 v1.14 Construct package bundles (HO)
Package hobsub Info: Skipping package `infwarerr' (already loaded).
Package hobsub Info: Skipping package `ltxcmds' (already loaded).
Package hobsub Info: Skipping package `ifluatex' (already loaded).
Package: ifvtex 2016/05/16 v1.6 Detect VTeX and its facilities (HO)
Package ifvtex Info: VTeX not detected.
Package: intcalc 2016/05/16 v1.2 Expandable calculations with integers (HO)
Package: ifpdf 2017/03/15 v3.2 Provides the ifpdf switch
Package hobsub Info: Skipping package `etexcmds' (already loaded).
Package hobsub Info: Skipping package `kvsetkeys' (already loaded).
Package: kvdefinekeys 2016/05/16 v1.4 Define keys (HO)
Package: pdftexcmds 2018/01/21 v0.26 Utility functions of pdfTeX for LuaTeX (HO
)
Package pdftexcmds Info: LuaTeX not detected.
Package pdftexcmds Info: \pdf@primitive is available.
Package pdftexcmds Info: \pdf@ifprimitive is available.
Package pdftexcmds Info: \pdfdraftmode found.
Package: pdfescape 2016/05/16 v1.14 Implements pdfTeX's escape features (HO)
Package: bigintcalc 2016/05/16 v1.4 Expandable calculations on big integers (HO
)
Package: bitset 2016/05/16 v1.2 Handle bit-vector datatype (HO)
Package: uniquecounter 2016/05/16 v1.3 Provide unlimited unique counter (HO)
)
Package hobsub Info: Skipping package `hobsub' (already loaded).
Package: letltxmacro 2016/05/16 v1.5 Let assignment for LaTeX macros (HO)
Package: hopatch 2016/05/16 v1.3 Wrapper for package hooks (HO)
Package: xcolor-patch 2016/05/16 xcolor patch
Package: atveryend 2016/05/16 v1.9 Hooks at the very end of document (HO)
Package atveryend Info: \enddocument detected (standard20110627).
Package: atbegshi 2016/06/09 v1.18 At begin shipout hook (HO)
Package: refcount 2016/05/16 v3.5 Data extraction from label references (HO)
Package: hycolor 2016/05/16 v1.8 Color options for hyperref/bookmark (HO)
)
(/usr/share/texlive/texmf-dist/tex/generic/ifxetex/ifxetex.sty
Package: ifxetex 2010/09/12 v0.6 Provides ifxetex conditional
)
(/usr/share/texlive/texmf-dist/tex/latex/oberdiek/auxhook.sty
Package: auxhook 2016/05/16 v1.4 Hooks for auxiliary files (HO)
)
\@linkdim=\dimen111
\Hy@linkcounter=\count98
\Hy@pagecounter=\count99

(/usr/share/texlive/texmf-dist/tex/latex/hyperref/pd1enc.def
File: pd1enc.def 2018/02/06 v6.86b Hyperref: PDFDocEncoding definition (HO)
)
\Hy@SavedSpaceFactor=\count100

(/usr/share/texlive/texmf-dist/tex/latex/latexconfig/hyperref.cfg
File: hyperref.cfg 2002/06/06 v1.2 hyperref configuration of TeXLive
)
Package hyperref Info: Option `colorlinks' set `true' on input line 4383.
Package hyperref Info: Hyper figures OFF on input line 4509.
Package hyperref Info: Link nesting OFF on input line 4514.
Package hyperref Info: Hyper index ON on input line 4517.
Package hyperref Info: Plain pages OFF on input line 4524.
Package hyperref Info: Backreferencing OFF on input line 4529.
Package hyperref Info: Implicit mode ON; LaTeX internals redefined.
Package hyperref Info: Bookmarks ON on input line 4762.
\c@Hy@tempcnt=\count101

(/usr/share/texlive/texmf-dist/tex/latex/url/url.sty
\Urlmuskip=\muskip10
Package: url 2013/09/16  ver 3.4  Verb mode for urls, etc.
)
LaTeX Info: Redefining \url on input line 5115.
\XeTeXLinkMargin=\dimen112
\Fld@menulength=\count102
\Field@Width=\dimen113
\Fld@charsize=\dimen114
Package hyperref Info: Hyper figures OFF on input line 6369.
Package hyperref Info: Link nesting OFF on input line 6374.
Package hyperref Info: Hyper index ON on input line 6377.
Package hyperref Info: backreferencing OFF on input line 6384.
Package hyperref Info: Link coloring ON on input line 6387.
Package hyperref Info: Link coloring with OCG OFF on input line 6394.
Package hyperref Info: PDF/A mode OFF on input line 6399.
LaTeX Info: Redefining \ref on input line 6439.
LaTeX Info: Redefining \pageref on input line 6443.
\Hy@abspage=\count103
\c@Item=\count104
\c@Hfootnote=\count105
)
Package hyperref Info: Driver (autodetected): hpdftex.

(/usr/share/texlive/texmf-dist/tex/latex/hyperref/hpdftex.def
File: hpdftex.def 2018/02/06 v6.86b Hyperref driver for pdfTeX
\Fld@listcount=\count106
\c@bookmark@seq@number=\count107

(/usr/share/texlive/texmf-dist/tex/latex/oberdiek/rerunfilecheck.sty
Package: rerunfilecheck 2016/05/16 v1.8 Rerun checks for auxiliary files (HO)
Package uniquecounter Info: New unique counter `rerunfilecheck' on input line 2
82.
)
\Hy@SectionHShift=\skip43
)
(/usr/share/texlive/texmf-dist/tex/latex/graphics/lscape.sty
Package: lscape 2000/10/22 v3.01 Landscape Pages (DPC)
)
(/usr/share/texlive/texmf-dist/tex/latex/amsfonts/amssymb.sty
Package: amssymb 2013/01/14 v3.01 AMS font symbols

(/usr/share/texlive/texmf-dist/tex/latex/amsfonts/amsfonts.sty
Package: amsfonts 2013/01/14 v3.01 Basic AMSFonts support
\@emptytoks=\toks17
\symAMSa=\mathgroup4
\symAMSb=\mathgroup5
LaTeX Font Info:    Overwriting math alphabet `\mathfrak' in version `bold'
(Font)                  U/euf/m/n --> U/euf/b/n on input line 106.
))
(/usr/share/texlive/texmf-dist/tex/latex/multirow/multirow.sty
Package: multirow 2016/11/25 v2.2 Span multiple rows of a table
\multirow@colwidth=\skip44
\multirow@cntb=\count108
\multirow@dima=\skip45
\bigstrutjot=\dimen115
)
(/usr/share/texlive/texmf-dist/tex/latex/subfig/subfig.sty
Package: subfig 2005/06/28 ver: 1.3 subfig package

(/usr/share/texlive/texmf-dist/tex/latex/caption/caption.sty
Package: caption 2016/02/21 v3.3-144 Customizing captions (AR)

(/usr/share/texlive/texmf-dist/tex/latex/caption/caption3.sty
Package: caption3 2016/05/22 v1.7-166 caption3 kernel (AR)
Package caption3 Info: TeX engine: e-TeX on input line 67.
\captionmargin=\dimen116
\captionmargin@=\dimen117
\captionwidth=\dimen118
\caption@tempdima=\dimen119
\caption@indent=\dimen120
\caption@parindent=\dimen121
\caption@hangindent=\dimen122
)
\c@ContinuedFloat=\count109
Package caption Info: hyperref package is loaded.
Package caption Info: listings package is loaded.
Package caption Info: wrapfig package is loaded.
)
\c@KVtest=\count110
\sf@farskip=\skip46
\sf@captopadj=\dimen123
\sf@capskip=\skip47
\sf@nearskip=\skip48
\c@subfigure=\count111
\c@subfigure@save=\count112
\c@lofdepth=\count113
\c@subtable=\count114
\c@subtable@save=\count115
\c@lotdepth=\count116
\sf@top=\skip49
\sf@bottom=\skip50
)
(/usr/share/texlive/texmf-dist/tex/latex/makecell/makecell.sty
Package: makecell 2009/08/03 V0.1e Managing of Tab Column Heads and Cells

(/usr/share/texlive/texmf-dist/tex/latex/tools/array.sty
Package: array 2016/10/06 v2.4d Tabular extension package (FMi)
\col@sep=\dimen124
\extrarowheight=\dimen125
\NC@list=\toks18
\extratabsurround=\skip51
\backup@length=\skip52
)
\rotheadsize=\dimen126
\c@nlinenum=\count117
\TeXr@lab=\toks19
)
(/usr/share/texlive/texmf-dist/tex/latex/koma-script/typearea.sty
Package: typearea 2017/09/07 v3.24 KOMA-Script package (type area)

(/usr/share/texlive/texmf-dist/tex/latex/koma-script/scrkbase.sty
Package: scrkbase 2017/09/07 v3.24 KOMA-Script package (KOMA-Script-dependent b
asics and keyval usage)

(/usr/share/texlive/texmf-dist/tex/latex/koma-script/scrbase.sty
Package: scrbase 2017/09/07 v3.24 KOMA-Script package (KOMA-Script-independent 
basics and keyval usage)

(/usr/share/texlive/texmf-dist/tex/latex/koma-script/scrlfile.sty
Package: scrlfile 2017/09/07 v3.24 KOMA-Script package (loading files)
)))
\ta@bcor=\skip53
\ta@div=\count118
\ta@hblk=\skip54
\ta@vblk=\skip55
\ta@temp=\skip56
\footheight=\skip57
LaTeX Font Info:    Try loading font information for OT1+lmr on input line 1686
.

(/usr/share/texmf/tex/latex/lm/ot1lmr.fd
File: ot1lmr.fd 2009/10/30 v1.6 Font defs for Latin Modern
)
Package typearea Info: These are the values describing the layout:
(typearea)             DIV  = 10
(typearea)             BCOR = 0.0pt
(typearea)             \paperwidth      = 597.50793pt
(typearea)              \textwidth      = 418.25555pt
(typearea)              DIV departure   = -6%
(typearea)              \evensidemargin = 17.3562pt
(typearea)              \oddsidemargin  = 17.3562pt
(typearea)             \paperheight     = 845.04694pt
(typearea)              \textheight     = 595.80026pt
(typearea)              \topmargin      = -25.16531pt
(typearea)              \headheight     = 17.0pt
(typearea)              \headsep        = 20.40001pt
(typearea)              \topskip        = 11.0pt
(typearea)              \footskip       = 47.6pt
(typearea)              \baselineskip   = 13.6pt
(typearea)              on input line 1686.
)
(/usr/share/texlive/texmf-dist/tex/latex/changepage/changepage.sty
Package: changepage 2009/10/20 v1.0c check page and change page layout
\c@cp@cntr=\count119
\cp@tempcnt=\count120
)
(/usr/share/texlive/texmf-dist/tex/latex/enumitem/enumitem.sty
Package: enumitem 2011/09/28 v3.5.2 Customized lists
\labelindent=\skip58
\enit@outerparindent=\dimen127
\enit@toks=\toks20
\enit@inbox=\box29
\enitdp@description=\count121
)
(/usr/share/texlive/texmf-dist/tex/latex/tools/multicol.sty
Package: multicol 2017/04/11 v1.8q multicolumn formatting (FMi)
\c@tracingmulticols=\count122
\mult@box=\box30
\multicol@leftmargin=\dimen128
\c@unbalance=\count123
\c@collectmore=\count124
\doublecol@number=\count125
\multicoltolerance=\count126
\multicolpretolerance=\count127
\full@width=\dimen129
\page@free=\dimen130
\premulticols=\dimen131
\postmulticols=\dimen132
\multicolsep=\skip59
\multicolbaselineskip=\skip60
\partial@page=\box31
\last@line=\box32
\maxbalancingoverflow=\dimen133
\mult@rightbox=\box33
\mult@grightbox=\box34
\mult@gfirstbox=\box35
\mult@firstbox=\box36
\@tempa=\box37
\@tempa=\box38
\@tempa=\box39
\@tempa=\box40
\@tempa=\box41
\@tempa=\box42
\@tempa=\box43
\@tempa=\box44
\@tempa=\box45
\@tempa=\box46
\@tempa=\box47
\@tempa=\box48
\@tempa=\box49
\@tempa=\box50
\@tempa=\box51
\@tempa=\box52
\@tempa=\box53
\c@columnbadness=\count128
\c@finalcolumnbadness=\count129
\last@try=\dimen134
\multicolovershoot=\dimen135
\multicolundershoot=\dimen136
\mult@nat@firstbox=\box54
\colbreak@box=\box55
\mc@col@check@num=\count130
)
(/usr/share/texlive/texmf-dist/tex/latex/mathtools/mathtools.sty
Package: mathtools 2018/01/08 v1.21 mathematical typesetting tools

(/usr/share/texlive/texmf-dist/tex/latex/tools/calc.sty
Package: calc 2014/10/28 v4.3 Infix arithmetic (KKT,FJ)
\calc@Acount=\count131
\calc@Bcount=\count132
\calc@Adimen=\dimen137
\calc@Bdimen=\dimen138
\calc@Askip=\skip61
\calc@Bskip=\skip62
LaTeX Info: Redefining \setlength on input line 80.
LaTeX Info: Redefining \addtolength on input line 81.
\calc@Ccount=\count133
\calc@Cskip=\skip63
)
(/usr/share/texlive/texmf-dist/tex/latex/mathtools/mhsetup.sty
Package: mhsetup 2017/03/31 v1.3 programming setup (MH)
)
(/usr/share/texlive/texmf-dist/tex/latex/amsmath/amsmath.sty
Package: amsmath 2017/09/02 v2.17a AMS math features
\@mathmargin=\skip64

For additional information on amsmath, use the `?' option.
(/usr/share/texlive/texmf-dist/tex/latex/amsmath/amstext.sty
Package: amstext 2000/06/29 v2.01 AMS text

(/usr/share/texlive/texmf-dist/tex/latex/amsmath/amsgen.sty
File: amsgen.sty 1999/11/30 v2.0 generic functions
\@emptytoks=\toks21
\ex@=\dimen139
))
(/usr/share/texlive/texmf-dist/tex/latex/amsmath/amsbsy.sty
Package: amsbsy 1999/11/29 v1.2d Bold Symbols
\pmbraise@=\dimen140
)
(/usr/share/texlive/texmf-dist/tex/latex/amsmath/amsopn.sty
Package: amsopn 2016/03/08 v2.02 operator names
)
\inf@bad=\count134
LaTeX Info: Redefining \frac on input line 213.
\uproot@=\count135
\leftroot@=\count136
LaTeX Info: Redefining \overline on input line 375.
\classnum@=\count137
\DOTSCASE@=\count138
LaTeX Info: Redefining \ldots on input line 472.
LaTeX Info: Redefining \dots on input line 475.
LaTeX Info: Redefining \cdots on input line 596.
\Mathstrutbox@=\box56
\strutbox@=\box57
\big@size=\dimen141
LaTeX Font Info:    Redeclaring font encoding OML on input line 712.
LaTeX Font Info:    Redeclaring font encoding OMS on input line 713.
\macc@depth=\count139
\c@MaxMatrixCols=\count140
\dotsspace@=\muskip11
\c@parentequation=\count141
\dspbrk@lvl=\count142
\tag@help=\toks22
\row@=\count143
\column@=\count144
\maxfields@=\count145
\andhelp@=\toks23
\eqnshift@=\dimen142
\alignsep@=\dimen143
\tagshift@=\dimen144
\tagwidth@=\dimen145
\totwidth@=\dimen146
\lineht@=\dimen147
\@envbody=\toks24
\multlinegap=\skip65
\multlinetaggap=\skip66
\mathdisplay@stack=\toks25
LaTeX Info: Redefining \[ on input line 2817.
LaTeX Info: Redefining \] on input line 2818.
)
LaTeX Info: Thecontrolsequence`\('isalreadyrobust on input line 129.
LaTeX Info: Thecontrolsequence`\)'isalreadyrobust on input line 129.
LaTeX Info: Thecontrolsequence`\['isalreadyrobust on input line 129.
LaTeX Info: Thecontrolsequence`\]'isalreadyrobust on input line 129.
\g_MT_multlinerow_int=\count146
\l_MT_multwidth_dim=\dimen148
\origjot=\skip67
\l_MT_shortvdotswithinadjustabove_dim=\dimen149
\l_MT_shortvdotswithinadjustbelow_dim=\dimen150
\l_MT_above_intertext_sep=\dimen151
\l_MT_below_intertext_sep=\dimen152
\l_MT_above_shortintertext_sep=\dimen153
\l_MT_below_shortintertext_sep=\dimen154
)
(/usr/share/texlive/texmf-dist/tex/latex/natbib/natbib.sty
Package: natbib 2010/09/13 8.31b (PWD, AO)
\bibhang=\skip68
\bibsep=\skip69
LaTeX Info: Redefining \cite on input line 694.
\c@NAT@ctr=\count147
)
(./Smart_Contract.aux (./dedication.aux) (./acknowlegements.aux)
(./abstract.aux) (./introduction.aux) (./chapter1.aux) (./chapter2.aux)
(./chapter3.aux) (./conclusions.aux) (./appendix1.aux) (./appendix2.aux))
\openout1 = `Smart_Contract.aux'.

LaTeX Font Info:    Checking defaults for OML/cmm/m/it on input line 39.
LaTeX Font Info:    ... okay on input line 39.
LaTeX Font Info:    Checking defaults for T1/cmr/m/n on input line 39.
LaTeX Font Info:    ... okay on input line 39.
LaTeX Font Info:    Checking defaults for OT1/cmr/m/n on input line 39.
LaTeX Font Info:    ... okay on input line 39.
LaTeX Font Info:    Checking defaults for OMS/cmsy/m/n on input line 39.
LaTeX Font Info:    ... okay on input line 39.
LaTeX Font Info:    Checking defaults for OMX/cmex/m/n on input line 39.
LaTeX Font Info:    ... okay on input line 39.
LaTeX Font Info:    Checking defaults for U/cmr/m/n on input line 39.
LaTeX Font Info:    ... okay on input line 39.
LaTeX Font Info:    Checking defaults for PD1/pdf/m/n on input line 39.
LaTeX Font Info:    ... okay on input line 39.

(/usr/share/texlive/texmf-dist/tex/context/base/mkii/supp-pdf.mkii
[Loading MPS to PDF converter (version 2006.09.02).]
\scratchcounter=\count148
\scratchdimen=\dimen155
\scratchbox=\box58
\nofMPsegments=\count149
\nofMParguments=\count150
\everyMPshowfont=\toks26
\MPscratchCnt=\count151
\MPscratchDim=\dimen156
\MPnumerator=\count152
\makeMPintoPDFobject=\count153
\everyMPtoPDFconversion=\toks27
) (/usr/share/texlive/texmf-dist/tex/latex/oberdiek/epstopdf-base.sty
Package: epstopdf-base 2016/05/15 v2.6 Base part for package epstopdf

(/usr/share/texlive/texmf-dist/tex/latex/oberdiek/grfext.sty
Package: grfext 2016/05/16 v1.2 Manage graphics extensions (HO)
)
Package epstopdf-base Info: Redefining graphics rule for `.eps' on input line 4
38.
Package grfext Info: Graphics extension search list:
(grfext)             [.pdf,.png,.jpg,.mps,.jpeg,.jbig2,.jb2,.PDF,.PNG,.JPG,.JPE
G,.JBIG2,.JB2,.eps]
(grfext)             \AppendGraphicsExtensions on input line 456.

(/usr/share/texlive/texmf-dist/tex/latex/latexconfig/epstopdf-sys.cfg
File: epstopdf-sys.cfg 2010/07/13 v1.3 Configuration of (r)epstopdf for TeX Liv
e
))
\c@lstlisting=\count154
\AtBeginShipoutBox=\box59

(/usr/share/texlive/texmf-dist/tex/latex/graphics/color.sty
Package: color 2016/07/10 v1.1e Standard LaTeX Color (DPC)

(/usr/share/texlive/texmf-dist/tex/latex/graphics-cfg/color.cfg
File: color.cfg 2016/01/02 v1.6 sample color configuration
)
Package color Info: Driver file: pdftex.def on input line 147.
)
Package hyperref Info: Link coloring ON on input line 39.

(/usr/share/texlive/texmf-dist/tex/latex/hyperref/nameref.sty
Package: nameref 2016/05/21 v2.44 Cross-referencing by name of section

(/usr/share/texlive/texmf-dist/tex/generic/oberdiek/gettitlestring.sty
Package: gettitlestring 2016/05/16 v1.5 Cleanup title references (HO)
)
\c@section@level=\count155
)
LaTeX Info: Redefining \ref on input line 39.
LaTeX Info: Redefining \pageref on input line 39.
LaTeX Info: Redefining \nameref on input line 39.

(./Smart_Contract.out) (./Smart_Contract.out)
\@outlinefile=\write3
\openout3 = `Smart_Contract.out'.

Package caption Info: Begin \AtBeginDocument code.
Package caption Info: subfig package v1.3 is loaded.
Package caption Info: End \AtBeginDocument code.
<oxlogo.png, id=297, 151.767pt x 301.125pt>
File: oxlogo.png Graphic file (type png)
<use oxlogo.png>
Package pdftex.def Info: oxlogo.png  used on input line 51.
(pdftex.def)             Requested size: 91.04881pt x 180.65341pt.
 [1


] [2{/var/lib/texmf/fonts/map/pdftex/updmap/pdftex.map} <./oxlogo.png (PNG copy
)>] [3]
\openout2 = `dedication.aux'.

 (./dedication.tex
[4


])
\openout2 = `acknowlegements.aux'.

 (./acknowlegements.tex) [5


]
\openout2 = `abstract.aux'.

 (./abstract.tex [6



]) (./Smart_Contract.toc
LaTeX Font Info:    Try loading font information for OML+lmm on input line 1.

(/usr/share/texmf/tex/latex/lm/omllmm.fd
File: omllmm.fd 2009/10/30 v1.6 Font defs for Latin Modern
)
LaTeX Font Info:    Try loading font information for OMS+lmsy on input line 1.

(/usr/share/texmf/tex/latex/lm/omslmsy.fd
File: omslmsy.fd 2009/10/30 v1.6 Font defs for Latin Modern
)
LaTeX Font Info:    Try loading font information for OMX+lmex on input line 1.

(/usr/share/texmf/tex/latex/lm/omxlmex.fd
File: omxlmex.fd 2009/10/30 v1.6 Font defs for Latin Modern
)
LaTeX Font Info:    External font `lmex10' loaded for size
(Font)              <10.95> on input line 1.
LaTeX Font Info:    External font `lmex10' loaded for size
(Font)              <8> on input line 1.
LaTeX Font Info:    External font `lmex10' loaded for size
(Font)              <6> on input line 1.
LaTeX Font Info:    Try loading font information for U+msa on input line 1.

(/usr/share/texlive/texmf-dist/tex/latex/amsfonts/umsa.fd
File: umsa.fd 2013/01/14 v3.01 AMS symbols A
)
LaTeX Font Info:    Try loading font information for U+msb on input line 1.

(/usr/share/texlive/texmf-dist/tex/latex/amsfonts/umsb.fd
File: umsb.fd 2013/01/14 v3.01 AMS symbols B
) [1



] [2])
\tf@toc=\write4
\openout4 = `Smart_Contract.toc'.

 [3]
(./Smart_Contract.lof [4

])
\tf@lof=\write5
\openout5 = `Smart_Contract.lof'.

 [5]
\openout2 = `introduction.aux'.

 (./introduction.texpdfTeX warning (ext4): destination with the same identifier
 (name{page.1}) has been already used, duplicate ignored
<to be read again> 
                   \relax 
l.10 
      [1


])pdfTeX warning (ext4): destination with the same identifier (name{page.2}) ha
s been already used, duplicate ignored
<to be read again> 
                   \relax 
l.61 \include{introduction}
                            [2]
\openout2 = `chapter1.aux'.

 (./chapter1.tex
Chapter 1.
pdfTeX warning (ext4): destination with the same identifier (name{page.3}) has 
been already used, duplicate ignored
<to be read again> 
                   \relax 
l.16 
      [3



]
Overfull \hbox (4.25153pt too wide) in paragraph at lines 18--21
\OT1/lmr/m/n/10.95 chain of linked data stored in in-di-vid-ual database or com
-puter over network[[]]. Blockchain
 []

pdfTeX warning (ext4): destination with the same identifier (name{page.4}) has 
been already used, duplicate ignored
<to be read again> 
                   \relax 
l.21 
      [4]
<images/chap01_BlockChain.png, id=502, 1533.73pt x 574.145pt>
File: images/chap01_BlockChain.png Graphic file (type png)
<use images/chap01_BlockChain.png>
Package pdftex.def Info: images/chap01_BlockChain.png  used on input line 27.
(pdftex.def)             Requested size: 448.58084pt x 167.91702pt.

Overfull \hbox (218.53902pt too wide) in paragraph at lines 27--28
 [][] 
 []


Underfull \hbox (badness 10000) in paragraph at lines 35--40

 []

pdfTeX warning (ext4): destination with the same identifier (name{page.5}) has 
been already used, duplicate ignored
<to be read again> 
                   \relax 
l.48 
      [5 <./images/chap01_BlockChain.png>]pdfTeX warning (ext4): destination wi
th the same identifier (name{page.6}) has been already used, duplicate ignored
<to be read again> 
                   \relax 
l.58 
      [6]
Underfull \hbox (badness 10000) in paragraph at lines 59--61

 []

<images/chap01_P2P.png, id=518, 977.6525pt x 593.21625pt>
File: images/chap01_P2P.png Graphic file (type png)
<use images/chap01_P2P.png>
Package pdftex.def Info: images/chap01_P2P.png  used on input line 66.
(pdftex.def)             Requested size: 348.19652pt x 211.27664pt.

Overfull \hbox (159.9828pt too wide) in paragraph at lines 66--67
 [][] 
 []

[7 <./images/chap01_P2P.png>]
<images/chap01_Markler_tree.png, id=530, 960.58875pt x 608.2725pt>
File: images/chap01_Markler_tree.png Graphic file (type png)
<use images/chap01_Markler_tree.png>
Package pdftex.def Info: images/chap01_Markler_tree.png  used on input line 86.

(pdftex.def)             Requested size: 425.57877pt x 269.48775pt.

Overfull \hbox (195.53694pt too wide) in paragraph at lines 86--87
 [][] 
 []


Underfull \hbox (badness 10000) in paragraph at lines 94--95

 []

[8]
Underfull \hbox (badness 10000) in paragraph at lines 103--106

 []

[9 <./images/chap01_Markler_tree.png>]
LaTeX Font Info:    Try loading font information for OMS+lmr on input line 107.

 (/usr/share/texmf/tex/latex/lm/omslmr.fd
File: omslmr.fd 2009/10/30 v1.6 Font defs for Latin Modern
)
LaTeX Font Info:    Font shape `OMS/lmr/m/n' in size <10.95> not available
(Font)              Font shape `OMS/lmsy/m/n' tried instead on input line 107.

Underfull \hbox (badness 10000) in paragraph at lines 110--111

 []


Underfull \hbox (badness 10000) in paragraph at lines 112--113

 []


Overfull \hbox (5.81879pt too wide) in paragraph at lines 115--126
 [] 
 []


Package natbib Warning: Citation `Egbertseng' on page 10 undefined on input lin
e 128.

[10]
Underfull \hbox (badness 10000) in paragraph at lines 135--141

 []

[11] [12]
Underfull \hbox (badness 10000) in paragraph at lines 163--166

 []

[13] [14] [15]
Underfull \hbox (badness 10000) in paragraph at lines 199--208

 []


Underfull \hbox (badness 10000) in paragraph at lines 216--217

 []


Overfull \hbox (8.06013pt too wide) in paragraph at lines 226--226
[]|\OT1/lmr/m/n/10.95 Blockchain|  
 []

[16]
Underfull \hbox (badness 10000) in paragraph at lines 232--233

 []

)
Underfull \hbox (badness 10000) in paragraph at lines 239--62

 []

[17] [18]
\openout2 = `chapter2.aux'.

 (./chapter2.tex
Chapter 2.

LaTeX Font Warning: Font shape `OT1/lmr/b/it' in size <10.95> not available
(Font)              Font shape `OT1/lmr/b/sl' tried instead on input line 15.


Package natbib Warning: Citation `Matthew' on page 19 undefined on input line 1
7.

[19



]
<images/chap02_diagram_ontology.png, id=616, 1059.96pt x 951.555pt>
File: images/chap02_diagram_ontology.png Graphic file (type png)
<use images/chap02_diagram_ontology.png>
Package pdftex.def Info: images/chap02_diagram_ontology.png  used on input line
 27.
(pdftex.def)             Requested size: 379.5676pt x 340.7446pt.

Overfull \hbox (149.52577pt too wide) in paragraph at lines 27--28
 [][] 
 []


Package natbib Warning: Citation `Matthew' on page 20 undefined on input line 2
9.


Package natbib Warning: Citation `Matthew' on page 20 undefined on input line 2
9.


Underfull \hbox (badness 10000) in paragraph at lines 37--42

 []

<images/chap02_LinkData.png, id=618, 1150.2975pt x 1098.1025pt>
File: images/chap02_LinkData.png Graphic file (type png)
<use images/chap02_LinkData.png>
Package pdftex.def Info: images/chap02_LinkData.png  used on input line 48.
(pdftex.def)             Requested size: 356.56552pt x 340.37474pt.

Overfull \hbox (126.5237pt too wide) in paragraph at lines 48--49
 [][] 
 []

[20] [21 <./images/chap02_diagram_ontology.png>]
Underfull \hbox (badness 10000) in paragraph at lines 72--73

 []

[22 <./images/chap02_LinkData.png>]
Underfull \hbox (badness 10000) in paragraph at lines 74--76

 []

<images/chap2_EthOnContract.png, id=641, 1793.70125pt x 1358.07375pt>
File: images/chap2_EthOnContract.png Graphic file (type png)
<use images/chap2_EthOnContract.png>
Package pdftex.def Info: images/chap2_EthOnContract.png  used on input line 84.

(pdftex.def)             Requested size: 376.43063pt x 284.99667pt.

Overfull \hbox (167.30286pt too wide) in paragraph at lines 84--85
 [][] 
 []

<images/chap02_EthOn_Properties.png, id=644, 1102.1175pt x 1048.91875pt>
File: images/chap02_EthOn_Properties.png Graphic file (type png)
<use images/chap02_EthOn_Properties.png>
Package pdftex.def Info: images/chap02_EthOn_Properties.png  used on input line
 94.
(pdftex.def)             Requested size: 379.5676pt x 361.23715pt.

Overfull \hbox (149.52577pt too wide) in paragraph at lines 94--95
 [][] 
 []

[23 <./images/chap2_EthOnContract.png>]
<images/chap02_BLONDiE.png, id=655, 1128.215pt x 711.65875pt>
File: images/chap02_BLONDiE.png Graphic file (type png)
<use images/chap02_BLONDiE.png>
Package pdftex.def Info: images/chap02_BLONDiE.png  used on input line 111.
(pdftex.def)             Requested size: 402.57318pt x 253.93828pt.

Overfull \hbox (172.53136pt too wide) in paragraph at lines 111--112
 [][] 
 []

[24 <./images/chap02_EthOn_Properties.png>]
Underfull \hbox (badness 10000) in paragraph at lines 127--133

 []

[25 <./images/chap02_BLONDiE.png>]
<images/chap02_Eth_str.png, id=673, 2165.08875pt x 998.73125pt>
File: images/chap02_Eth_str.png Graphic file (type png)
<use images/chap02_Eth_str.png>
Package pdftex.def Info: images/chap02_Eth_str.png  used on input line 139.
(pdftex.def)             Requested size: 448.58084pt x 206.92046pt.

Overfull \hbox (218.53902pt too wide) in paragraph at lines 139--140
 [][] 
 []

<images/chap02_Eth_Table.png, id=674, 1614.03pt x 655.44875pt>
File: images/chap02_Eth_Table.png Graphic file (type png)
<use images/chap02_Eth_Table.png>
Package pdftex.def Info: images/chap02_Eth_Table.png  used on input line 151.
(pdftex.def)             Requested size: 448.58084pt x 182.16422pt.

Overfull \hbox (218.53902pt too wide) in paragraph at lines 151--152
 [][] 
 []

[26 <./images/chap02_Eth_str.png>] [27 <./images/chap02_Eth_Table.png>]
<images/chap02_SmartContract_ABI.png, id=690, 955.57pt x 515.9275pt>
File: images/chap02_SmartContract_ABI.png Graphic file (type png)
<use images/chap02_SmartContract_ABI.png>
Package pdftex.def Info: images/chap02_SmartContract_ABI.png  used on input lin
e 184.
(pdftex.def)             Requested size: 448.58084pt x 242.19467pt.

Overfull \hbox (218.53902pt too wide) in paragraph at lines 184--185
 [][] 
 []

[28]
<images/chap02_MSM.png, id=697, 1521.685pt x 906.38625pt>
File: images/chap02_MSM.png Graphic file (type png)
<use images/chap02_MSM.png>
Package pdftex.def Info: images/chap02_MSM.png  used on input line 205.
(pdftex.def)             Requested size: 448.58084pt x 267.188pt.

Overfull \hbox (218.53902pt too wide) in paragraph at lines 205--206
 [][] 
 []

[29 <./images/chap02_SmartContract_ABI.png>] [30 <./images/chap02_MSM.png>]
[31]
<images/chap02_PeerBlockchain.png, id=718, 1499.6025pt x 464.73625pt>
File: images/chap02_PeerBlockchain.png Graphic file (type png)
<use images/chap02_PeerBlockchain.png>
Package pdftex.def Info: images/chap02_PeerBlockchain.png  used on input line 2
88.
(pdftex.def)             Requested size: 448.58084pt x 139.01775pt.

Overfull \hbox (218.53902pt too wide) in paragraph at lines 288--289
 [][] 
 []


Overfull \hbox (15.9426pt too wide) in paragraph at lines 306--320
\OT1/lmr/m/n/10.95 ma-trix en-forces the se-man-tic rank-ing of the el-e-ment o
f the query[[]]. 
 []

[32 <./images/chap02_PeerBlockchain.png>]
<images/chap02_Domain_EthOn.png, id=733, 812.03375pt x 498.86375pt>
File: images/chap02_Domain_EthOn.png Graphic file (type png)
<use images/chap02_Domain_EthOn.png>
Package pdftex.def Info: images/chap02_Domain_EthOn.png  used on input line 327
.
(pdftex.def)             Requested size: 448.58084pt x 275.57861pt.

Overfull \hbox (218.53902pt too wide) in paragraph at lines 327--328
 [][] 
 []


Underfull \hbox (badness 10000) in paragraph at lines 335--337

 []

<images/chap02_SmartContract.png, id=736, 765.86125pt x 465.74pt>
File: images/chap02_SmartContract.png Graphic file (type png)
<use images/chap02_SmartContract.png>
Package pdftex.def Info: images/chap02_SmartContract.png  used on input line 34
4.
(pdftex.def)             Requested size: 356.56552pt x 216.83691pt.

Overfull \hbox (126.5237pt too wide) in paragraph at lines 344--345
 [][] 
 []

[33]

LaTeX Warning: Text page 34 contains only floats.

[34 <./images/chap02_Domain_EthOn.png> <./images/chap02_SmartContract.png>]
<images/chap02_OWL.png, id=750, 894.34125pt x 318.18875pt>
File: images/chap02_OWL.png Graphic file (type png)
<use images/chap02_OWL.png>
Package pdftex.def Info: images/chap02_OWL.png  used on input line 357.
(pdftex.def)             Requested size: 448.58084pt x 159.5989pt.

Overfull \hbox (218.53902pt too wide) in paragraph at lines 357--358
 [][] 
 []


Overfull \hbox (3.56311pt too wide) in paragraph at lines 364--375
\OT1/lmr/m/n/10.95 Afterward, the nods send back the re-sult to the main re-que
ster at the spec-i-fied address[[]]. 
 []


Underfull \hbox (badness 10000) in paragraph at lines 364--375

 []

[35 <./images/chap02_OWL.png>]
<images/chap01_SemanticBlockChain.png, id=759, 1327.96124pt x 645.41125pt>
File: images/chap01_SemanticBlockChain.png Graphic file (type png)
<use images/chap01_SemanticBlockChain.png>
Package pdftex.def Info: images/chap01_SemanticBlockChain.png  used on input li
ne 387.
(pdftex.def)             Requested size: 448.58084pt x 218.01878pt.

Overfull \hbox (218.53902pt too wide) in paragraph at lines 387--388
 [][] 
 []

[36 <./images/chap01_SemanticBlockChain.png>]
<images/chap02_EthOn.jpg, id=768, 937.5025pt x 827.09pt>
File: images/chap02_EthOn.jpg Graphic file (type jpg)
<use images/chap02_EthOn.jpg>
Package pdftex.def Info: images/chap02_EthOn.jpg  used on input line 415.
(pdftex.def)             Requested size: 379.5676pt x 334.85603pt.

Overfull \hbox (149.52577pt too wide) in paragraph at lines 415--416
 [][] 
 []

) [37] [38 <./images/chap02_EthOn.jpg>]
\openout2 = `chapter3.aux'.

 (./chapter3.tex
Chapter 3.
<images/chap03_SCM_network.png, id=781, 1661.20625pt x 1057.9525pt>
File: images/chap03_SCM_network.png Graphic file (type png)
<use images/chap03_SCM_network.png>
Package pdftex.def Info: images/chap03_SCM_network.png  used on input line 9.
(pdftex.def)             Requested size: 386.88765pt x 246.39113pt.

Overfull \hbox (177.75987pt too wide) in paragraph at lines 9--10
[][] 
 []

[39



]
<images/chap03_SupplyChain_blockchain.png, id=791, 1135.24126pt x 545.03625pt>
File: images/chap03_SupplyChain_blockchain.png Graphic file (type png)
<use images/chap03_SupplyChain_blockchain.png>
Package pdftex.def Info: images/chap03_SupplyChain_blockchain.png  used on inpu
t line 33.
(pdftex.def)             Requested size: 425.57877pt x 204.32156pt.

Overfull \hbox (195.53694pt too wide) in paragraph at lines 33--34
[][] 
 []


Underfull \hbox (badness 10000) in paragraph at lines 40--44

 []

[40 <./images/chap03_SCM_network.png>]
LaTeX Font Info:    External font `lmex10' loaded for size
(Font)              <5> on input line 64.

Overfull \hbox (43.14426pt too wide) in paragraph at lines 60--79
[][] 
 []

[41 <./images/chap03_SupplyChain_blockchain.png>]
Underfull \hbox (badness 10000) in paragraph at lines 86--96

 []

[42] [43]
Overfull \hbox (11.742pt too wide) in paragraph at lines 103--143
[][] 
 []

[44]
Underfull \hbox (badness 10000) in paragraph at lines 161--167

 []

[45


]
Underfull \hbox (badness 10000) in paragraph at lines 169--172

 []


Underfull \hbox (badness 10000) in paragraph at lines 172--174

 []

[46]
Underfull \hbox (badness 10000) in paragraph at lines 174--177

 []


Underfull \hbox (badness 10000) in paragraph at lines 177--178

 []


Underfull \hbox (badness 10000) in paragraph at lines 181--183

 []

<images/chap03_stackholders.png, id=859, 1249.66875pt x 677.53125pt>
File: images/chap03_stackholders.png Graphic file (type png)
<use images/chap03_stackholders.png>
Package pdftex.def Info: images/chap03_stackholders.png  used on input line 189
.
(pdftex.def)             Requested size: 454.85194pt x 246.59901pt.

Overfull \hbox (141.16028pt too wide) in paragraph at lines 189--190
[][] 
 []


Underfull \hbox (badness 10000) in paragraph at lines 198--199

 []

[47]
Underfull \hbox (badness 10000) in paragraph at lines 202--203

 []

[48 <./images/chap03_stackholders.png>]
Underfull \hbox (badness 10000) in paragraph at lines 211--213

 []

[49]
Underfull \hbox (badness 10000) in paragraph at lines 226--231

 []


Underfull \hbox (badness 10000) in paragraph at lines 232--233

 []

<images/chap03_tracking_SCM.png, id=876, 1523.6925pt x 1202.4925pt>
File: images/chap03_tracking_SCM.png Graphic file (type png)
<use images/chap03_tracking_SCM.png>
Package pdftex.def Info: images/chap03_tracking_SCM.png  used on input line 239
.
(pdftex.def)             Requested size: 379.5676pt x 299.53983pt.

Overfull \hbox (149.52577pt too wide) in paragraph at lines 239--240
 [][] 
 []

[50] [51 <./images/chap03_tracking_SCM.png>]
<images/chap03_remix.png, id=888, 2570.60374pt x 1441.385pt>
File: images/chap03_remix.png Graphic file (type png)
<use images/chap03_remix.png>
Package pdftex.def Info: images/chap03_remix.png  used on input line 272.
(pdftex.def)             Requested size: 356.56552pt x 199.92305pt.

Overfull \hbox (126.5237pt too wide) in paragraph at lines 272--273
 [][] 
 []

[52 <./images/chap03_remix.png>]
<images/chap03_ABI.png, id=894, 2033.5975pt x 562.1pt>
File: images/chap03_ABI.png Graphic file (type png)
<use images/chap03_ABI.png>
Package pdftex.def Info: images/chap03_ABI.png  used on input line 288.
(pdftex.def)             Requested size: 356.56552pt x 98.55766pt.

Overfull \hbox (126.5237pt too wide) in paragraph at lines 288--289
 [][] 
 []


Underfull \hbox (badness 10000) in paragraph at lines 298--309

 []

[53 <./images/chap03_ABI.png>]
Underfull \hbox (badness 10000) in paragraph at lines 311--314

 []


Overfull \hbox (100.77864pt too wide) in paragraph at lines 319--320
[][][][][][][][][][][][][][][][][][][][] 
 []


Overfull \hbox (2.22784pt too wide) in paragraph at lines 324--325
[][][][][][][][][][][][][][][][][][][][][][][][] 
 []


Overfull \hbox (21.938pt too wide) in paragraph at lines 325--326
[][][][][][][][][][][][][][][][][][][][][][][][] 
 []


Overfull \hbox (8.7979pt too wide) in paragraph at lines 326--327
[][][][][][][][][][][][][][][][][][][][][][][][] 
 []


Underfull \hbox (badness 10000) in paragraph at lines 330--331

 []

[54]
LaTeX Font Info:    Try loading font information for OML+lmr on input line 350.

 (/usr/share/texmf/tex/latex/lm/omllmr.fd
File: omllmr.fd 2009/10/30 v1.6 Font defs for Latin Modern
)
LaTeX Font Info:    Font shape `OML/lmr/m/n' in size <10.95> not available
(Font)              Font shape `OML/lmm/m/it' tried instead on input line 350.

Underfull \hbox (badness 10000) in paragraph at lines 357--358

 []

<images/chap03_output_final.png, id=925, 2457.18pt x 623.32875pt>
File: images/chap03_output_final.png Graphic file (type png)
<use images/chap03_output_final.png>
Package pdftex.def Info: images/chap03_output_final.png  used on input line 385
.
(pdftex.def)             Requested size: 356.56552pt x 90.45168pt.

Overfull \hbox (126.5237pt too wide) in paragraph at lines 385--386
 [][] 
 []

) [55] [56 <./images/chap03_output_final.png>]
\openout2 = `conclusions.aux'.

 (./conclusions.tex
Chapter 4.
) [57



]
\openout2 = `appendix1.aux'.

 (./appendix1.tex
Appendix A.

Overfull \hbox (43.74915pt too wide) in paragraph at lines 9--10
[][][][][][][][][][][][][][][][][][][][][][] 
 []

LaTeX Font Info:    Font shape `OMS/lmr/m/n' in size <10> not available
(Font)              Font shape `OMS/lmsy/m/n' tried instead on input line 12.
LaTeX Font Info:    Font shape `OML/lmr/m/n' in size <10> not available
(Font)              Font shape `OML/lmm/m/it' tried instead on input line 17.

Overfull \hbox (13.74884pt too wide) in paragraph at lines 19--20
[][][][][][][][][][][][][][][][][][][][][][][][][][][] 
 []


Overfull \hbox (61.74933pt too wide) in paragraph at lines 20--22
[][][][][][][][][][][][][][][][][][][][][][][][][] 
 []

[58



]
LaTeX Font Info:    External font `lmex10' loaded for size
(Font)              <10> on input line 51.
LaTeX Font Info:    External font `lmex10' loaded for size
(Font)              <7> on input line 51.

Overfull \hbox (1.74872pt too wide) in paragraph at lines 58--60
[][][][][][][][][][][][][][][][][][][][][][][] 
 []

[59]
Overfull \hbox (127.75pt too wide) in paragraph at lines 99--100
[][][][][][][][][][][][][][][][][][][][][][][][][][][][][][][][][][][][] 
 []


Overfull \hbox (25.74896pt too wide) in paragraph at lines 100--101
[][][][][][][][][][][][][][][][][][][][][][][][][][][] 
 []


Overfull \hbox (31.74902pt too wide) in paragraph at lines 128--129
[][][][][][][][][][][][][][][][][][][][][][][][] 
 []

) [60]
\openout2 = `appendix2.aux'.

 (./appendix2.tex
Appendix B.

Overfull \hbox (25.74896pt too wide) in paragraph at lines 12--13
[][][][][][][][][][][][][][][][][][][][][][][][][][][] 
 []


Overfull \hbox (19.7489pt too wide) in paragraph at lines 23--24
[][][][][][][][][][][][][][][][][][][][][] 
 []


Overfull \hbox (151.75024pt too wide) in paragraph at lines 24--25
[][][][][][][][][][][][][][][][][][][][][][][][][][][][][][][][][][][] 
 []

[61



]
Overfull \hbox (85.74957pt too wide) in paragraph at lines 68--69
[][][][][][][][][][][][][][][][][][][][][][][][][][][][][][][] 
 []

) [62] (./Smart_Contract.bbl [63


] [64])

Package natbib Warning: There were undefined citations.

Package atveryend Info: Empty hook `BeforeClearDocument' on input line 80.
[65]
Package atveryend Info: Empty hook `AfterLastShipout' on input line 80.
 (./Smart_Contract.aux (./dedication.aux) (./acknowlegements.aux)
(./abstract.aux) (./introduction.aux) (./chapter1.aux) (./chapter2.aux)
(./chapter3.aux) (./conclusions.aux) (./appendix1.aux) (./appendix2.aux))
Package atveryend Info: Executing hook `AtVeryEndDocument' on input line 80.
Package atveryend Info: Executing hook `AtEndAfterFileList' on input line 80.
Package rerunfilecheck Info: File `Smart_Contract.out' has not changed.
(rerunfilecheck)             Checksum: 23F4B0739C83E21A697741B16B3C70CF;5354.
Package atveryend Info: Empty hook `AtVeryVeryEnd' on input line 80.
 ) 
Here is how much of TeX's memory you used:
 12013 strings out of 492982
 183702 string characters out of 6134896
 420344 words of memory out of 5000000
 14827 multiletter control sequences out of 15000+600000
 80577 words of font info for 62 fonts, out of 8000000 for 9000
 1141 hyphenation exceptions out of 8191
 44i,16n,47p,1101b,1627s stack positions out of 5000i,500n,10000p,200000b,80000s
{/usr/share/texmf/fonts/enc/dvips/lm/lm-rm.enc}{/usr/share/texmf/fonts/enc/dv
ips/lm/lm-mathex.enc}{/usr/share/texmf/fonts/enc/dvips/lm/lm-mathsy.enc}{/usr/s
hare/texmf/fonts/enc/dvips/lm/lm-mathit.enc}</usr/share/texmf/fonts/type1/publi
c/lm/lmb10.pfb></usr/share/texmf/fonts/type1/public/lm/lmbo10.pfb></usr/share/t
exmf/fonts/type1/public/lm/lmex10.pfb></usr/share/texmf/fonts/type1/public/lm/l
mmi10.pfb></usr/share/texmf/fonts/type1/public/lm/lmmi6.pfb></usr/share/texmf/f
onts/type1/public/lm/lmmi8.pfb></usr/share/texmf/fonts/type1/public/lm/lmr10.pf
b></usr/share/texmf/fonts/type1/public/lm/lmr12.pfb></usr/share/texmf/fonts/typ
e1/public/lm/lmr6.pfb></usr/share/texmf/fonts/type1/public/lm/lmr8.pfb></usr/sh
are/texmf/fonts/type1/public/lm/lmri10.pfb></usr/share/texmf/fonts/type1/public
/lm/lmri12.pfb></usr/share/texmf/fonts/type1/public/lm/lmri7.pfb></usr/share/te
xmf/fonts/type1/public/lm/lmsy10.pfb>
Output written on Smart_Contract.pdf (76 pages, 6808426 bytes).
PDF statistics:
 1352 PDF objects out of 1440 (max. 8388607)
 1186 compressed objects within 12 object streams
 458 named destinations out of 1000 (max. 500000)
 715 words of extra memory for PDF output out of 10000 (max. 10000000)

